<?xml version="1.0" encoding="UTF-8"?>
<testsuites name="jest tests" tests="760" failures="0" time="58.833">
  <testsuite name="positionUtils" errors="0" failures="0" skipped="0" timestamp="2020-07-29T17:37:33" time="2.38" tests="125">
    <testcase classname="positionUtils calculatePosition returns an object with three key-value pairs" name="positionUtils calculatePosition returns an object with three key-value pairs" time="0.003">
    </testcase>
    <testcase classname="positionUtils calculatePosition when the reference element is on the top Align.Top Align.Top respositions to Align.Bottom based on available space" name="positionUtils calculatePosition when the reference element is on the top Align.Top Align.Top respositions to Align.Bottom based on available space" time="0.001">
    </testcase>
    <testcase classname="positionUtils calculatePosition when the reference element is on the top Align.Top Justify.Fit works" name="positionUtils calculatePosition when the reference element is on the top Align.Top Justify.Fit works" time="0.001">
    </testcase>
    <testcase classname="positionUtils calculatePosition when the reference element is on the top Align.Right Justify.Start works" name="positionUtils calculatePosition when the reference element is on the top Align.Right Justify.Start works" time="0.002">
    </testcase>
    <testcase classname="positionUtils calculatePosition when the reference element is on the top Align.Right Justify.Middle repositions to Justify.Start based on available space" name="positionUtils calculatePosition when the reference element is on the top Align.Right Justify.Middle repositions to Justify.Start based on available space" time="0">
    </testcase>
    <testcase classname="positionUtils calculatePosition when the reference element is on the top Align.Right Justify.Bottom repositions to Justify.Start based on available space" name="positionUtils calculatePosition when the reference element is on the top Align.Right Justify.Bottom repositions to Justify.Start based on available space" time="0.001">
    </testcase>
    <testcase classname="positionUtils calculatePosition when the reference element is on the top Align.Right Justify.Fit works" name="positionUtils calculatePosition when the reference element is on the top Align.Right Justify.Fit works" time="0.001">
    </testcase>
    <testcase classname="positionUtils calculatePosition when the reference element is on the top Align.Bottom Justify.Start works" name="positionUtils calculatePosition when the reference element is on the top Align.Bottom Justify.Start works" time="0.001">
    </testcase>
    <testcase classname="positionUtils calculatePosition when the reference element is on the top Align.Bottom Justify.Middle works" name="positionUtils calculatePosition when the reference element is on the top Align.Bottom Justify.Middle works" time="0.001">
    </testcase>
    <testcase classname="positionUtils calculatePosition when the reference element is on the top Align.Bottom Justify.End works" name="positionUtils calculatePosition when the reference element is on the top Align.Bottom Justify.End works" time="0.001">
    </testcase>
    <testcase classname="positionUtils calculatePosition when the reference element is on the top Align.Bottom Justify.Fit works" name="positionUtils calculatePosition when the reference element is on the top Align.Bottom Justify.Fit works" time="0">
    </testcase>
    <testcase classname="positionUtils calculatePosition when the reference element is on the top Align.Left Justify.Start" name="positionUtils calculatePosition when the reference element is on the top Align.Left Justify.Start" time="0.001">
    </testcase>
    <testcase classname="positionUtils calculatePosition when the reference element is on the top Align.Left Justify.Center respositions to Justify.Start based on available space" name="positionUtils calculatePosition when the reference element is on the top Align.Left Justify.Center respositions to Justify.Start based on available space" time="0">
    </testcase>
    <testcase classname="positionUtils calculatePosition when the reference element is on the top Align.Left Justify.End respositions to Justify.Start based on available space" name="positionUtils calculatePosition when the reference element is on the top Align.Left Justify.End respositions to Justify.Start based on available space" time="0.001">
    </testcase>
    <testcase classname="positionUtils calculatePosition when the reference element is on the top Align.Left Justify.Fit works" name="positionUtils calculatePosition when the reference element is on the top Align.Left Justify.Fit works" time="0">
    </testcase>
    <testcase classname="positionUtils calculatePosition when the reference element is on the top Align.CenterVertical Align.CenterVertical respositions to Align.Bottom based on available space" name="positionUtils calculatePosition when the reference element is on the top Align.CenterVertical Align.CenterVertical respositions to Align.Bottom based on available space" time="0">
    </testcase>
    <testcase classname="positionUtils calculatePosition when the reference element is on the top Align.CenterVertical Justify.Fit works" name="positionUtils calculatePosition when the reference element is on the top Align.CenterVertical Justify.Fit works" time="0.001">
    </testcase>
    <testcase classname="positionUtils calculatePosition when the reference element is on the top Align.CenterHorizontal Justify.Start" name="positionUtils calculatePosition when the reference element is on the top Align.CenterHorizontal Justify.Start" time="0">
    </testcase>
    <testcase classname="positionUtils calculatePosition when the reference element is on the top Align.CenterHorizontal Justify.Center respositions to Justify.Start based on available space" name="positionUtils calculatePosition when the reference element is on the top Align.CenterHorizontal Justify.Center respositions to Justify.Start based on available space" time="0.001">
    </testcase>
    <testcase classname="positionUtils calculatePosition when the reference element is on the top Align.CenterHorizontal Justify.End respositions to Justify.Start based on available space" name="positionUtils calculatePosition when the reference element is on the top Align.CenterHorizontal Justify.End respositions to Justify.Start based on available space" time="0.002">
    </testcase>
    <testcase classname="positionUtils calculatePosition when the reference element is on the top Align.CenterHorizontal Justify.Fit works" name="positionUtils calculatePosition when the reference element is on the top Align.CenterHorizontal Justify.Fit works" time="0">
    </testcase>
    <testcase classname="positionUtils calculatePosition when the reference element is on the right Align.Top Justify.Start repositions to Justify.End based on available space" name="positionUtils calculatePosition when the reference element is on the right Align.Top Justify.Start repositions to Justify.End based on available space" time="0.001">
    </testcase>
    <testcase classname="positionUtils calculatePosition when the reference element is on the right Align.Top Justify.Middle repositions to Justify.Start based on available space" name="positionUtils calculatePosition when the reference element is on the right Align.Top Justify.Middle repositions to Justify.Start based on available space" time="0">
    </testcase>
    <testcase classname="positionUtils calculatePosition when the reference element is on the right Align.Top Justify.End works" name="positionUtils calculatePosition when the reference element is on the right Align.Top Justify.End works" time="0.001">
    </testcase>
    <testcase classname="positionUtils calculatePosition when the reference element is on the right Align.Top Justify.Fit works" name="positionUtils calculatePosition when the reference element is on the right Align.Top Justify.Fit works" time="0">
    </testcase>
    <testcase classname="positionUtils calculatePosition when the reference element is on the right Align.Right Align.Right respositions to Align.Left based on available space" name="positionUtils calculatePosition when the reference element is on the right Align.Right Align.Right respositions to Align.Left based on available space" time="0.001">
    </testcase>
    <testcase classname="positionUtils calculatePosition when the reference element is on the right Align.Bottom Justify.Start repositions to Justify.End based on available space" name="positionUtils calculatePosition when the reference element is on the right Align.Bottom Justify.Start repositions to Justify.End based on available space" time="0">
    </testcase>
    <testcase classname="positionUtils calculatePosition when the reference element is on the right Align.Bottom Justify.Middle repositions to Justify.End based on available space" name="positionUtils calculatePosition when the reference element is on the right Align.Bottom Justify.Middle repositions to Justify.End based on available space" time="0.001">
    </testcase>
    <testcase classname="positionUtils calculatePosition when the reference element is on the right Align.Bottom Justify.End works" name="positionUtils calculatePosition when the reference element is on the right Align.Bottom Justify.End works" time="0">
    </testcase>
    <testcase classname="positionUtils calculatePosition when the reference element is on the right Align.Bottom Justify.Fit works" name="positionUtils calculatePosition when the reference element is on the right Align.Bottom Justify.Fit works" time="0">
    </testcase>
    <testcase classname="positionUtils calculatePosition when the reference element is on the right Align.Left Justify.Start works" name="positionUtils calculatePosition when the reference element is on the right Align.Left Justify.Start works" time="0">
    </testcase>
    <testcase classname="positionUtils calculatePosition when the reference element is on the right Align.Left Justify.Middle works" name="positionUtils calculatePosition when the reference element is on the right Align.Left Justify.Middle works" time="0">
    </testcase>
    <testcase classname="positionUtils calculatePosition when the reference element is on the right Align.Left Justify.End works" name="positionUtils calculatePosition when the reference element is on the right Align.Left Justify.End works" time="0.001">
    </testcase>
    <testcase classname="positionUtils calculatePosition when the reference element is on the right Align.Left Justify.Fit works" name="positionUtils calculatePosition when the reference element is on the right Align.Left Justify.Fit works" time="0">
    </testcase>
    <testcase classname="positionUtils calculatePosition when the reference element is on the right Align.CenterVertical Justify.Start repositions to Justify.End based on available space" name="positionUtils calculatePosition when the reference element is on the right Align.CenterVertical Justify.Start repositions to Justify.End based on available space" time="0.001">
    </testcase>
    <testcase classname="positionUtils calculatePosition when the reference element is on the right Align.CenterVertical Justify.Middle repositions to Justify.Start based on available space" name="positionUtils calculatePosition when the reference element is on the right Align.CenterVertical Justify.Middle repositions to Justify.Start based on available space" time="0">
    </testcase>
    <testcase classname="positionUtils calculatePosition when the reference element is on the right Align.CenterVertical Justify.End works" name="positionUtils calculatePosition when the reference element is on the right Align.CenterVertical Justify.End works" time="0.001">
    </testcase>
    <testcase classname="positionUtils calculatePosition when the reference element is on the right Align.CenterVertical Justify.Fit works" name="positionUtils calculatePosition when the reference element is on the right Align.CenterVertical Justify.Fit works" time="0">
    </testcase>
    <testcase classname="positionUtils calculatePosition when the reference element is on the right Align.CenterHorizontal Align.CenterHorizontal respositions to Align.Left based on available space" name="positionUtils calculatePosition when the reference element is on the right Align.CenterHorizontal Align.CenterHorizontal respositions to Align.Left based on available space" time="0">
    </testcase>
    <testcase classname="positionUtils calculatePosition when reference element is on the bottom Align.Top Justify.Start works" name="positionUtils calculatePosition when reference element is on the bottom Align.Top Justify.Start works" time="0">
    </testcase>
    <testcase classname="positionUtils calculatePosition when reference element is on the bottom Align.Top Justify.Middle works" name="positionUtils calculatePosition when reference element is on the bottom Align.Top Justify.Middle works" time="0">
    </testcase>
    <testcase classname="positionUtils calculatePosition when reference element is on the bottom Align.Top Justify.End works" name="positionUtils calculatePosition when reference element is on the bottom Align.Top Justify.End works" time="0.001">
    </testcase>
    <testcase classname="positionUtils calculatePosition when reference element is on the bottom Align.Top Justify.Fit works" name="positionUtils calculatePosition when reference element is on the bottom Align.Top Justify.Fit works" time="0">
    </testcase>
    <testcase classname="positionUtils calculatePosition when reference element is on the bottom Align.Right Justify.Start repositions to Justify.End based on available space" name="positionUtils calculatePosition when reference element is on the bottom Align.Right Justify.Start repositions to Justify.End based on available space" time="0.001">
    </testcase>
    <testcase classname="positionUtils calculatePosition when reference element is on the bottom Align.Right Justify.Middle repositions to Justify.End based on available space" name="positionUtils calculatePosition when reference element is on the bottom Align.Right Justify.Middle repositions to Justify.End based on available space" time="0">
    </testcase>
    <testcase classname="positionUtils calculatePosition when reference element is on the bottom Align.Right Justify.End works" name="positionUtils calculatePosition when reference element is on the bottom Align.Right Justify.End works" time="0.001">
    </testcase>
    <testcase classname="positionUtils calculatePosition when reference element is on the bottom Align.Right Justify.Fit works" name="positionUtils calculatePosition when reference element is on the bottom Align.Right Justify.Fit works" time="0">
    </testcase>
    <testcase classname="positionUtils calculatePosition when reference element is on the bottom Align.Bottom Align.Bottom repositions to Align.Start based on available space" name="positionUtils calculatePosition when reference element is on the bottom Align.Bottom Align.Bottom repositions to Align.Start based on available space" time="0">
    </testcase>
    <testcase classname="positionUtils calculatePosition when reference element is on the bottom Align.Left Justify.Start repositions to Justify.End based on available space" name="positionUtils calculatePosition when reference element is on the bottom Align.Left Justify.Start repositions to Justify.End based on available space" time="0">
    </testcase>
    <testcase classname="positionUtils calculatePosition when reference element is on the bottom Align.Left Justify.Middle repositions to Justify.End based on available space" name="positionUtils calculatePosition when reference element is on the bottom Align.Left Justify.Middle repositions to Justify.End based on available space" time="0">
    </testcase>
    <testcase classname="positionUtils calculatePosition when reference element is on the bottom Align.Left Justify.End works" name="positionUtils calculatePosition when reference element is on the bottom Align.Left Justify.End works" time="0.001">
    </testcase>
    <testcase classname="positionUtils calculatePosition when reference element is on the bottom Align.Left Justify.Fit works" name="positionUtils calculatePosition when reference element is on the bottom Align.Left Justify.Fit works" time="0">
    </testcase>
    <testcase classname="positionUtils calculatePosition when reference element is on the bottom Align.CenterVertical Align.CenterVertical repositions to Align.Start based on available space" name="positionUtils calculatePosition when reference element is on the bottom Align.CenterVertical Align.CenterVertical repositions to Align.Start based on available space" time="0.001">
    </testcase>
    <testcase classname="positionUtils calculatePosition when reference element is on the bottom Align.CenterHorizontal Justify.Start repositions to Justify.End based on available space" name="positionUtils calculatePosition when reference element is on the bottom Align.CenterHorizontal Justify.Start repositions to Justify.End based on available space" time="0">
    </testcase>
    <testcase classname="positionUtils calculatePosition when reference element is on the bottom Align.CenterHorizontal Justify.Middle repositions to Justify.End based on available space" name="positionUtils calculatePosition when reference element is on the bottom Align.CenterHorizontal Justify.Middle repositions to Justify.End based on available space" time="0">
    </testcase>
    <testcase classname="positionUtils calculatePosition when reference element is on the bottom Align.CenterHorizontal Justify.End works" name="positionUtils calculatePosition when reference element is on the bottom Align.CenterHorizontal Justify.End works" time="0">
    </testcase>
    <testcase classname="positionUtils calculatePosition when reference element is on the bottom Align.CenterHorizontal Justify.Fit works" name="positionUtils calculatePosition when reference element is on the bottom Align.CenterHorizontal Justify.Fit works" time="0">
    </testcase>
    <testcase classname="positionUtils calculatePosition when reference element is on the left Align.Top Justify.Start works" name="positionUtils calculatePosition when reference element is on the left Align.Top Justify.Start works" time="0.001">
    </testcase>
    <testcase classname="positionUtils calculatePosition when reference element is on the left Align.Top Justify.Middle repositions to Justify.Start based on available space" name="positionUtils calculatePosition when reference element is on the left Align.Top Justify.Middle repositions to Justify.Start based on available space" time="0.001">
    </testcase>
    <testcase classname="positionUtils calculatePosition when reference element is on the left Align.Top Justify.End repositions to Justify.Start based on available space" name="positionUtils calculatePosition when reference element is on the left Align.Top Justify.End repositions to Justify.Start based on available space" time="0.001">
    </testcase>
    <testcase classname="positionUtils calculatePosition when reference element is on the left Align.Top Justify.Fit works" name="positionUtils calculatePosition when reference element is on the left Align.Top Justify.Fit works" time="0">
    </testcase>
    <testcase classname="positionUtils calculatePosition when reference element is on the left Align.Right Justify.Start works" name="positionUtils calculatePosition when reference element is on the left Align.Right Justify.Start works" time="0.001">
    </testcase>
    <testcase classname="positionUtils calculatePosition when reference element is on the left Align.Right Justify.Middle works" name="positionUtils calculatePosition when reference element is on the left Align.Right Justify.Middle works" time="0">
    </testcase>
    <testcase classname="positionUtils calculatePosition when reference element is on the left Align.Right Justify.End works" name="positionUtils calculatePosition when reference element is on the left Align.Right Justify.End works" time="0">
    </testcase>
    <testcase classname="positionUtils calculatePosition when reference element is on the left Align.Right Justify.Fit works" name="positionUtils calculatePosition when reference element is on the left Align.Right Justify.Fit works" time="0.001">
    </testcase>
    <testcase classname="positionUtils calculatePosition when reference element is on the left Align.Bottom Justify.Start works" name="positionUtils calculatePosition when reference element is on the left Align.Bottom Justify.Start works" time="0">
    </testcase>
    <testcase classname="positionUtils calculatePosition when reference element is on the left Align.Bottom Justify.Middle repositions to Justify.Start based on available space" name="positionUtils calculatePosition when reference element is on the left Align.Bottom Justify.Middle repositions to Justify.Start based on available space" time="0.001">
    </testcase>
    <testcase classname="positionUtils calculatePosition when reference element is on the left Align.Bottom Justify.End repositions to Justify.Start based on available space" name="positionUtils calculatePosition when reference element is on the left Align.Bottom Justify.End repositions to Justify.Start based on available space" time="0">
    </testcase>
    <testcase classname="positionUtils calculatePosition when reference element is on the left Align.Bottom Justify.Fit works" name="positionUtils calculatePosition when reference element is on the left Align.Bottom Justify.Fit works" time="0">
    </testcase>
    <testcase classname="positionUtils calculatePosition when reference element is on the left Align.Left Align.Left repositions to Align.Right based on available space" name="positionUtils calculatePosition when reference element is on the left Align.Left Align.Left repositions to Align.Right based on available space" time="0">
    </testcase>
    <testcase classname="positionUtils calculatePosition when reference element is on the left Align.CenterVertical Justify.Start works" name="positionUtils calculatePosition when reference element is on the left Align.CenterVertical Justify.Start works" time="0">
    </testcase>
    <testcase classname="positionUtils calculatePosition when reference element is on the left Align.CenterVertical Justify.Middle repositions to Justify.Start based on available space" name="positionUtils calculatePosition when reference element is on the left Align.CenterVertical Justify.Middle repositions to Justify.Start based on available space" time="0.001">
    </testcase>
    <testcase classname="positionUtils calculatePosition when reference element is on the left Align.CenterVertical Justify.End repositions to Justify.Start based on available space" name="positionUtils calculatePosition when reference element is on the left Align.CenterVertical Justify.End repositions to Justify.Start based on available space" time="0">
    </testcase>
    <testcase classname="positionUtils calculatePosition when reference element is on the left Align.CenterVertical Justify.Fit works" name="positionUtils calculatePosition when reference element is on the left Align.CenterVertical Justify.Fit works" time="0.001">
    </testcase>
    <testcase classname="positionUtils calculatePosition when reference element is on the left Align.CenterHorizontal Align.CenterHorizontal repositions to Align.Right based on available space" name="positionUtils calculatePosition when reference element is on the left Align.CenterHorizontal Align.CenterHorizontal repositions to Align.Right based on available space" time="0">
    </testcase>
    <testcase classname="positionUtils calculatePosition when reference element is in the center Align.Top Justify.Start works" name="positionUtils calculatePosition when reference element is in the center Align.Top Justify.Start works" time="0.001">
    </testcase>
    <testcase classname="positionUtils calculatePosition when reference element is in the center Align.Top Justify.Middle works" name="positionUtils calculatePosition when reference element is in the center Align.Top Justify.Middle works" time="0">
    </testcase>
    <testcase classname="positionUtils calculatePosition when reference element is in the center Align.Top Justify.End works" name="positionUtils calculatePosition when reference element is in the center Align.Top Justify.End works" time="0">
    </testcase>
    <testcase classname="positionUtils calculatePosition when reference element is in the center Align.Top Justify.Fit works" name="positionUtils calculatePosition when reference element is in the center Align.Top Justify.Fit works" time="0.001">
    </testcase>
    <testcase classname="positionUtils calculatePosition when reference element is in the center Align.Right Justify.Start works" name="positionUtils calculatePosition when reference element is in the center Align.Right Justify.Start works" time="0">
    </testcase>
    <testcase classname="positionUtils calculatePosition when reference element is in the center Align.Right Justify.Middle works" name="positionUtils calculatePosition when reference element is in the center Align.Right Justify.Middle works" time="0.001">
    </testcase>
    <testcase classname="positionUtils calculatePosition when reference element is in the center Align.Right Justify.End works" name="positionUtils calculatePosition when reference element is in the center Align.Right Justify.End works" time="0">
    </testcase>
    <testcase classname="positionUtils calculatePosition when reference element is in the center Align.Right Justify.Fit works" name="positionUtils calculatePosition when reference element is in the center Align.Right Justify.Fit works" time="0.001">
    </testcase>
    <testcase classname="positionUtils calculatePosition when reference element is in the center Align.Bottom Justify.Start works" name="positionUtils calculatePosition when reference element is in the center Align.Bottom Justify.Start works" time="0">
    </testcase>
    <testcase classname="positionUtils calculatePosition when reference element is in the center Align.Bottom Justify.Middle works" name="positionUtils calculatePosition when reference element is in the center Align.Bottom Justify.Middle works" time="0.001">
    </testcase>
    <testcase classname="positionUtils calculatePosition when reference element is in the center Align.Bottom Justify.End works" name="positionUtils calculatePosition when reference element is in the center Align.Bottom Justify.End works" time="0">
    </testcase>
    <testcase classname="positionUtils calculatePosition when reference element is in the center Align.Bottom Justify.Fit works" name="positionUtils calculatePosition when reference element is in the center Align.Bottom Justify.Fit works" time="0">
    </testcase>
    <testcase classname="positionUtils calculatePosition when reference element is in the center Align.Left Justify.Start works" name="positionUtils calculatePosition when reference element is in the center Align.Left Justify.Start works" time="0.001">
    </testcase>
    <testcase classname="positionUtils calculatePosition when reference element is in the center Align.Left Justify.Middle works" name="positionUtils calculatePosition when reference element is in the center Align.Left Justify.Middle works" time="0">
    </testcase>
    <testcase classname="positionUtils calculatePosition when reference element is in the center Align.Left Justify.End works" name="positionUtils calculatePosition when reference element is in the center Align.Left Justify.End works" time="0.001">
    </testcase>
    <testcase classname="positionUtils calculatePosition when reference element is in the center Align.Left Justify.Fit works" name="positionUtils calculatePosition when reference element is in the center Align.Left Justify.Fit works" time="0">
    </testcase>
    <testcase classname="positionUtils calculatePosition when reference element is in the center Align.CenterVertical Justify.Start works" name="positionUtils calculatePosition when reference element is in the center Align.CenterVertical Justify.Start works" time="0">
    </testcase>
    <testcase classname="positionUtils calculatePosition when reference element is in the center Align.CenterVertical Justify.Middle works" name="positionUtils calculatePosition when reference element is in the center Align.CenterVertical Justify.Middle works" time="0.001">
    </testcase>
    <testcase classname="positionUtils calculatePosition when reference element is in the center Align.CenterVertical Justify.End works" name="positionUtils calculatePosition when reference element is in the center Align.CenterVertical Justify.End works" time="0">
    </testcase>
    <testcase classname="positionUtils calculatePosition when reference element is in the center Align.CenterVertical Justify.Fit works" name="positionUtils calculatePosition when reference element is in the center Align.CenterVertical Justify.Fit works" time="0.001">
    </testcase>
    <testcase classname="positionUtils calculatePosition when reference element is in the center Align.CenterHorizontal Justify.Start works" name="positionUtils calculatePosition when reference element is in the center Align.CenterHorizontal Justify.Start works" time="0">
    </testcase>
    <testcase classname="positionUtils calculatePosition when reference element is in the center Align.CenterHorizontal Justify.Middle works" name="positionUtils calculatePosition when reference element is in the center Align.CenterHorizontal Justify.Middle works" time="0.001">
    </testcase>
    <testcase classname="positionUtils calculatePosition when reference element is in the center Align.CenterHorizontal Justify.End works" name="positionUtils calculatePosition when reference element is in the center Align.CenterHorizontal Justify.End works" time="0.001">
    </testcase>
    <testcase classname="positionUtils calculatePosition when reference element is in the center Align.CenterHorizontal Justify.Fit works" name="positionUtils calculatePosition when reference element is in the center Align.CenterHorizontal Justify.Fit works" time="0">
    </testcase>
    <testcase classname="positionUtils calculatePosition when useRelativePositioning is true Align.Top Justify.Start works" name="positionUtils calculatePosition when useRelativePositioning is true Align.Top Justify.Start works" time="0.001">
    </testcase>
    <testcase classname="positionUtils calculatePosition when useRelativePositioning is true Align.Top Justify.Middle works" name="positionUtils calculatePosition when useRelativePositioning is true Align.Top Justify.Middle works" time="0">
    </testcase>
    <testcase classname="positionUtils calculatePosition when useRelativePositioning is true Align.Top Justify.End works" name="positionUtils calculatePosition when useRelativePositioning is true Align.Top Justify.End works" time="0.001">
    </testcase>
    <testcase classname="positionUtils calculatePosition when useRelativePositioning is true Align.Top Justify.Fit works" name="positionUtils calculatePosition when useRelativePositioning is true Align.Top Justify.Fit works" time="0">
    </testcase>
    <testcase classname="positionUtils calculatePosition when useRelativePositioning is true Align.Right Justify.Start works" name="positionUtils calculatePosition when useRelativePositioning is true Align.Right Justify.Start works" time="0.001">
    </testcase>
    <testcase classname="positionUtils calculatePosition when useRelativePositioning is true Align.Right Justify.Middle works" name="positionUtils calculatePosition when useRelativePositioning is true Align.Right Justify.Middle works" time="0">
    </testcase>
    <testcase classname="positionUtils calculatePosition when useRelativePositioning is true Align.Right Justify.End works" name="positionUtils calculatePosition when useRelativePositioning is true Align.Right Justify.End works" time="0.001">
    </testcase>
    <testcase classname="positionUtils calculatePosition when useRelativePositioning is true Align.Right Justify.Fit works" name="positionUtils calculatePosition when useRelativePositioning is true Align.Right Justify.Fit works" time="0">
    </testcase>
    <testcase classname="positionUtils calculatePosition when useRelativePositioning is true Align.Bottom Justify.Start works" name="positionUtils calculatePosition when useRelativePositioning is true Align.Bottom Justify.Start works" time="0.001">
    </testcase>
    <testcase classname="positionUtils calculatePosition when useRelativePositioning is true Align.Bottom Justify.Middle works" name="positionUtils calculatePosition when useRelativePositioning is true Align.Bottom Justify.Middle works" time="0">
    </testcase>
    <testcase classname="positionUtils calculatePosition when useRelativePositioning is true Align.Bottom Justify.End works" name="positionUtils calculatePosition when useRelativePositioning is true Align.Bottom Justify.End works" time="0.001">
    </testcase>
    <testcase classname="positionUtils calculatePosition when useRelativePositioning is true Align.Bottom Justify.Fit works" name="positionUtils calculatePosition when useRelativePositioning is true Align.Bottom Justify.Fit works" time="0">
    </testcase>
    <testcase classname="positionUtils calculatePosition when useRelativePositioning is true Align.Left Justify.Start works" name="positionUtils calculatePosition when useRelativePositioning is true Align.Left Justify.Start works" time="0.001">
    </testcase>
    <testcase classname="positionUtils calculatePosition when useRelativePositioning is true Align.Left Justify.Middle works" name="positionUtils calculatePosition when useRelativePositioning is true Align.Left Justify.Middle works" time="0">
    </testcase>
    <testcase classname="positionUtils calculatePosition when useRelativePositioning is true Align.Left Justify.End works" name="positionUtils calculatePosition when useRelativePositioning is true Align.Left Justify.End works" time="0.001">
    </testcase>
    <testcase classname="positionUtils calculatePosition when useRelativePositioning is true Align.Left Justify.Fit works" name="positionUtils calculatePosition when useRelativePositioning is true Align.Left Justify.Fit works" time="0">
    </testcase>
    <testcase classname="positionUtils calculatePosition when useRelativePositioning is true Align.CenterVertical Justify.Start works" name="positionUtils calculatePosition when useRelativePositioning is true Align.CenterVertical Justify.Start works" time="0.001">
    </testcase>
    <testcase classname="positionUtils calculatePosition when useRelativePositioning is true Align.CenterVertical Justify.Middle works" name="positionUtils calculatePosition when useRelativePositioning is true Align.CenterVertical Justify.Middle works" time="0">
    </testcase>
    <testcase classname="positionUtils calculatePosition when useRelativePositioning is true Align.CenterVertical Justify.End works" name="positionUtils calculatePosition when useRelativePositioning is true Align.CenterVertical Justify.End works" time="0">
    </testcase>
    <testcase classname="positionUtils calculatePosition when useRelativePositioning is true Align.CenterVertical Justify.Fit works" name="positionUtils calculatePosition when useRelativePositioning is true Align.CenterVertical Justify.Fit works" time="0.001">
    </testcase>
    <testcase classname="positionUtils calculatePosition when useRelativePositioning is true Align.CenterHorizontal Justify.Start works" name="positionUtils calculatePosition when useRelativePositioning is true Align.CenterHorizontal Justify.Start works" time="0">
    </testcase>
    <testcase classname="positionUtils calculatePosition when useRelativePositioning is true Align.CenterHorizontal Justify.Middle works" name="positionUtils calculatePosition when useRelativePositioning is true Align.CenterHorizontal Justify.Middle works" time="0.001">
    </testcase>
    <testcase classname="positionUtils calculatePosition when useRelativePositioning is true Align.CenterHorizontal Justify.End works" name="positionUtils calculatePosition when useRelativePositioning is true Align.CenterHorizontal Justify.End works" time="0">
    </testcase>
    <testcase classname="positionUtils calculatePosition when useRelativePositioning is true Align.CenterHorizontal Justify.Fit works" name="positionUtils calculatePosition when useRelativePositioning is true Align.CenterHorizontal Justify.Fit works" time="0.001">
    </testcase>
    <testcase classname="positionUtils getElementDocumentPosition given an element, it returns an object with information about its position" name="positionUtils getElementDocumentPosition given an element, it returns an object with information about its position" time="0.001">
    </testcase>
    <testcase classname="positionUtils getElementViewportPosition given an element, it returns an object with information about its position" name="positionUtils getElementViewportPosition given an element, it returns an object with information about its position" time="0.001">
    </testcase>
  </testsuite>
  <testsuite name="Context" errors="0" failures="0" skipped="4" timestamp="2020-07-29T17:37:36" time="0.719" tests="26">
    <testcase classname="Context still calls `exit` when operation throws exception with sync `enter` and `exit`" name="Context still calls `exit` when operation throws exception with sync `enter` and `exit`" time="0.006">
    </testcase>
    <testcase classname="Context still calls `exit` when operation throws exception with async `enter`" name="Context still calls `exit` when operation throws exception with async `enter`" time="0.001">
    </testcase>
    <testcase classname="Context still calls `exit` when operation throws exception with async `exit`" name="Context still calls `exit` when operation throws exception with async `exit`" time="0.002">
    </testcase>
    <testcase classname="Context still calls `exit` when operation throws exception with async operation" name="Context still calls `exit` when operation throws exception with async operation" time="0.001">
    </testcase>
    <testcase classname="Context operation and `exit` not called if `enter` throws exception with sync `enter` and `exit`" name="Context operation and `exit` not called if `enter` throws exception with sync `enter` and `exit`" time="0.002">
    </testcase>
    <testcase classname="Context operation and `exit` not called if `enter` throws exception with async `enter`" name="Context operation and `exit` not called if `enter` throws exception with async `enter`" time="0.002">
    </testcase>
    <testcase classname="Context operation and `exit` not called if `enter` throws exception with async `exit`" name="Context operation and `exit` not called if `enter` throws exception with async `exit`" time="0">
    </testcase>
    <testcase classname="Context operation and `exit` not called if `enter` throws exception with async operation" name="Context operation and `exit` not called if `enter` throws exception with async operation" time="0.001">
    </testcase>
    <testcase classname="Context when `exit` throws exception with sync `enter` and `exit`" name="Context when `exit` throws exception with sync `enter` and `exit`" time="0.001">
    </testcase>
    <testcase classname="Context when `exit` throws exception with async `enter`" name="Context when `exit` throws exception with async `enter`" time="0.002">
    </testcase>
    <testcase classname="Context when `exit` throws exception with async `exit`" name="Context when `exit` throws exception with async `exit`" time="0.001">
    </testcase>
    <testcase classname="Context when `exit` throws exception with async operation" name="Context when `exit` throws exception with async operation" time="0">
    </testcase>
    <testcase classname="Context when operation and `exit` throws exception with sync `enter` and `exit`" name="Context when operation and `exit` throws exception with sync `enter` and `exit`" time="0.001">
    </testcase>
    <testcase classname="Context when operation and `exit` throws exception with async `enter`" name="Context when operation and `exit` throws exception with async `enter`" time="0.001">
    </testcase>
    <testcase classname="Context when operation and `exit` throws exception with async `exit`" name="Context when operation and `exit` throws exception with async `exit`" time="0">
    </testcase>
    <testcase classname="Context when operation and `exit` throws exception with async operation" name="Context when operation and `exit` throws exception with async operation" time="0.001">
    </testcase>
    <testcase classname="Context types with sync `enter`" name="Context types with sync `enter`" time="0.001">
    </testcase>
    <testcase classname="Context types with async `enter`" name="Context types with async `enter`" time="0">
    </testcase>
    <testcase classname="Context types with sync `exit`" name="Context types with sync `exit`" time="0.001">
    </testcase>
    <testcase classname="Context types with async `exit`" name="Context types with async `exit`" time="0">
    </testcase>
    <testcase classname="Context types with sync `enter` and `exit`" name="Context types with sync `enter` and `exit`" time="0.001">
    </testcase>
    <testcase classname="Context types with async `enter` and `exit`" name="Context types with async `enter` and `exit`" time="0.001">
    </testcase>
    <testcase classname="Context types Missing `enter`" name="Context types Missing `enter`" time="0">
      <skipped/>
    </testcase>
    <testcase classname="Context types Context handle types are consistent" name="Context types Context handle types are consistent" time="0">
      <skipped/>
    </testcase>
    <testcase classname="Context types Context handle types error when `enter` and `exit` disagree" name="Context types Context handle types error when `enter` and `exit` disagree" time="0">
      <skipped/>
    </testcase>
    <testcase classname="Context types Context handle types error when `enter` and provided function disagree" name="Context types Context handle types error when `enter` and provided function disagree" time="0">
      <skipped/>
    </testcase>
  </testsuite>
  <testsuite name="packages/mongo-nav" errors="0" failures="0" skipped="0" timestamp="2020-07-29T17:37:36" time="8.122" tests="33">
    <testcase classname="packages/mongo-nav by default fetch is called" name="packages/mongo-nav by default fetch is called" time="0.36">
    </testcase>
    <testcase classname="packages/mongo-nav by default the organization and project navs are rendered" name="packages/mongo-nav by default the organization and project navs are rendered" time="0.325">
    </testcase>
    <testcase classname="packages/mongo-nav by default current orgId is set based on data returned from fetch" name="packages/mongo-nav by default current orgId is set based on data returned from fetch" time="0.098">
    </testcase>
    <testcase classname="packages/mongo-nav by default current orgName is displayed inside the OrgSelect based on data returned from fetch" name="packages/mongo-nav by default current orgName is displayed inside the OrgSelect based on data returned from fetch" time="0.088">
    </testcase>
    <testcase classname="packages/mongo-nav by default current projectId is set based on data returned from fetch" name="packages/mongo-nav by default current projectId is set based on data returned from fetch" time="0.08">
    </testcase>
    <testcase classname="packages/mongo-nav by default current projectName is displayed inside the ProjectSelect based on data returned from fetch" name="packages/mongo-nav by default current projectName is displayed inside the ProjectSelect based on data returned from fetch" time="0.083">
    </testcase>
    <testcase classname="packages/mongo-nav by default projects displayed in ProjectSelect are only shown if they have the same orgId as the current project" name="packages/mongo-nav by default projects displayed in ProjectSelect are only shown if they have the same orgId as the current project" time="0.161">
    </testcase>
    <testcase classname="packages/mongo-nav by default user is set based on data returned from fetch" name="packages/mongo-nav by default user is set based on data returned from fetch" time="0.082">
    </testcase>
    <testcase classname="packages/mongo-nav by default admin UI is not shown" name="packages/mongo-nav by default admin UI is not shown" time="0.083">
    </testcase>
    <testcase classname="packages/mongo-nav when activeProjectId is supplied fetch is called" name="packages/mongo-nav when activeProjectId is supplied fetch is called" time="0.073">
    </testcase>
    <testcase classname="packages/mongo-nav when activeProjectId is supplied the organization and project navs are rendered" name="packages/mongo-nav when activeProjectId is supplied the organization and project navs are rendered" time="0.116">
    </testcase>
    <testcase classname="packages/mongo-nav when activeProjectId is supplied current orgId is set based on the new activeProjectId" name="packages/mongo-nav when activeProjectId is supplied current orgId is set based on the new activeProjectId" time="0.072">
    </testcase>
    <testcase classname="packages/mongo-nav when activeProjectId is supplied current projectId is set based on the new activeProjectId" name="packages/mongo-nav when activeProjectId is supplied current projectId is set based on the new activeProjectId" time="0.069">
    </testcase>
    <testcase classname="packages/mongo-nav when activeProjectId is supplied current projectName is displayed inside the ProjectSelect based on the new activeProjectId" name="packages/mongo-nav when activeProjectId is supplied current projectName is displayed inside the ProjectSelect based on the new activeProjectId" time="0.059">
    </testcase>
    <testcase classname="packages/mongo-nav when activeOrgId is supplied fetch is called" name="packages/mongo-nav when activeOrgId is supplied fetch is called" time="0.06">
    </testcase>
    <testcase classname="packages/mongo-nav when activeOrgId is supplied the organization and project navs are rendered" name="packages/mongo-nav when activeOrgId is supplied the organization and project navs are rendered" time="0.115">
    </testcase>
    <testcase classname="packages/mongo-nav when activeOrgId is supplied current orgId is set based on the new activeOrgId" name="packages/mongo-nav when activeOrgId is supplied current orgId is set based on the new activeOrgId" time="0.112">
    </testcase>
    <testcase classname="packages/mongo-nav when activeOrgId is supplied current orgName is displayed inside the OrgSelect based on the new activeOrgId" name="packages/mongo-nav when activeOrgId is supplied current orgName is displayed inside the OrgSelect based on the new activeOrgId" time="0.065">
    </testcase>
    <testcase classname="packages/mongo-nav when activeProjectId and activeOrgID are both supplied fetch is called" name="packages/mongo-nav when activeProjectId and activeOrgID are both supplied fetch is called" time="0.06">
    </testcase>
    <testcase classname="packages/mongo-nav when activeProjectId and activeOrgID are both supplied current orgId is set based on the new activeProjectId" name="packages/mongo-nav when activeProjectId and activeOrgID are both supplied current orgId is set based on the new activeProjectId" time="0.057">
    </testcase>
    <testcase classname="packages/mongo-nav when activeProjectId and activeOrgID are both supplied current projectId is set based on the new activeProjectId" name="packages/mongo-nav when activeProjectId and activeOrgID are both supplied current projectId is set based on the new activeProjectId" time="0.059">
    </testcase>
    <testcase classname="packages/mongo-nav when activeProjectId and activeOrgID are both supplied current projectName is displayed inside the ProjectSelect based on the new activeProjectId" name="packages/mongo-nav when activeProjectId and activeOrgID are both supplied current projectName is displayed inside the ProjectSelect based on the new activeProjectId" time="0.059">
    </testcase>
    <testcase classname="packages/mongo-nav UserMenu behaves as expected when cloud is the active platform when the user menu opens, the cloud menu items are displayed" name="packages/mongo-nav UserMenu behaves as expected when cloud is the active platform when the user menu opens, the cloud menu items are displayed" time="0.212">
    </testcase>
    <testcase classname="packages/mongo-nav when user passes host override link is properly constructured based on host override prop" name="packages/mongo-nav when user passes host override link is properly constructured based on host override prop" time="0.063">
    </testcase>
    <testcase classname="packages/mongo-nav when user passes url override link is properly constructured based on host override prop" name="packages/mongo-nav when user passes url override link is properly constructured based on host override prop" time="0.05">
    </testcase>
    <testcase classname="packages/mongo-nav when loadData is set to false the user name is not displayed" name="packages/mongo-nav when loadData is set to false the user name is not displayed" time="0.033">
    </testcase>
    <testcase classname="packages/mongo-nav when loadData is set to false the current project name is not displayed" name="packages/mongo-nav when loadData is set to false the current project name is not displayed" time="0.028">
    </testcase>
    <testcase classname="packages/mongo-nav when loadData is set to false the current organization name is not displayed" name="packages/mongo-nav when loadData is set to false the current organization name is not displayed" time="0.031">
    </testcase>
    <testcase classname="packages/mongo-nav when dataFixtures prop is set prop data overrides default data" name="packages/mongo-nav when dataFixtures prop is set prop data overrides default data" time="0.047">
    </testcase>
    <testcase classname="packages/mongo-nav when dataFixtures prop sets admin as true admin UI is shown" name="packages/mongo-nav when dataFixtures prop sets admin as true admin UI is shown" time="0.136">
    </testcase>
    <testcase classname="packages/mongo-nav when the environment is set to &quot;government&quot; cloud links default to cloud.mongodbgov.com in the org nav" name="packages/mongo-nav when the environment is set to &quot;government&quot; cloud links default to cloud.mongodbgov.com in the org nav" time="0.067">
    </testcase>
    <testcase classname="packages/mongo-nav when the environment is set to &quot;government&quot; cloud links default to cloud.mongodbgov.com in the project nav" name="packages/mongo-nav when the environment is set to &quot;government&quot; cloud links default to cloud.mongodbgov.com in the project nav" time="0.046">
    </testcase>
    <testcase classname="packages/mongo-nav when the environment is set to &quot;government&quot; cloud links default to cloud.mongodbgov.com in the user menu" name="packages/mongo-nav when the environment is set to &quot;government&quot; cloud links default to cloud.mongodbgov.com in the user menu" time="0.087">
    </testcase>
  </testsuite>
  <testsuite name="packages/tooltip" errors="0" failures="0" skipped="0" timestamp="2020-07-29T17:37:44" time="2.565" tests="22">
    <testcase classname="packages/tooltip when uncontrolled renders a button to the DOM with trigger button" name="packages/tooltip when uncontrolled renders a button to the DOM with trigger button" time="0.041">
    </testcase>
    <testcase classname="packages/tooltip when uncontrolled when &quot;triggerEvent&quot; is set to click, clicking trigger opens and closes the tooltip" name="packages/tooltip when uncontrolled when &quot;triggerEvent&quot; is set to click, clicking trigger opens and closes the tooltip" time="0.059">
    </testcase>
    <testcase classname="packages/tooltip when uncontrolled when &quot;triggerEvent&quot; is set to &quot;hover&quot;, hovering on and off the trigger opens and closes the tooltip" name="packages/tooltip when uncontrolled when &quot;triggerEvent&quot; is set to &quot;hover&quot;, hovering on and off the trigger opens and closes the tooltip" time="0.259">
    </testcase>
    <testcase classname="packages/tooltip when uncontrolled tooltip does not open when enabled is &quot;false&quot; when triggerEvent is &quot;hover&quot;" name="packages/tooltip when uncontrolled tooltip does not open when enabled is &quot;false&quot; when triggerEvent is &quot;hover&quot;" time="0.414">
    </testcase>
    <testcase classname="packages/tooltip when uncontrolled tooltip does not open when enabled is &quot;false&quot; when triggerEvent is &quot;click&quot;" name="packages/tooltip when uncontrolled tooltip does not open when enabled is &quot;false&quot; when triggerEvent is &quot;click&quot;" time="0.414">
    </testcase>
    <testcase classname="packages/tooltip when uncontrolled tooltip closes when enabled is set to &quot;false&quot;" name="packages/tooltip when uncontrolled tooltip closes when enabled is set to &quot;false&quot;" time="0.17">
    </testcase>
    <testcase classname="packages/tooltip when uncontrolled backdrop clicks close the tooltip" name="packages/tooltip when uncontrolled backdrop clicks close the tooltip" time="0.019">
    </testcase>
    <testcase classname="packages/tooltip when uncontrolled escape click closes tooltip" name="packages/tooltip when uncontrolled escape click closes tooltip" time="0.081">
    </testcase>
    <testcase classname="packages/tooltip when uncontrolled when &quot;shouldClose&quot; prop is returns true" name="packages/tooltip when uncontrolled when &quot;shouldClose&quot; prop is returns true" time="0.075">
    </testcase>
    <testcase classname="packages/tooltip when uncontrolled when &quot;shouldClose&quot; prop is returns false" name="packages/tooltip when uncontrolled when &quot;shouldClose&quot; prop is returns false" time="0.073">
    </testcase>
    <testcase classname="packages/tooltip when controlled renders initial state based on &quot;open&quot; prop" name="packages/tooltip when controlled renders initial state based on &quot;open&quot; prop" time="0.014">
    </testcase>
    <testcase classname="packages/tooltip when controlled  onClick fires when trigger is clicked" name="packages/tooltip when controlled  onClick fires when trigger is clicked" time="0.008">
    </testcase>
    <testcase classname="packages/tooltip when controlled clicking content inside of tooltip does not force tooltip to close" name="packages/tooltip when controlled clicking content inside of tooltip does not force tooltip to close" time="0.022">
    </testcase>
    <testcase classname="packages/tooltip when trigger is a class-based component renders a button to the DOM" name="packages/tooltip when trigger is a class-based component renders a button to the DOM" time="0.011">
    </testcase>
    <testcase classname="packages/tooltip when trigger is a class-based component component triggers opening and closing of tooltip" name="packages/tooltip when trigger is a class-based component component triggers opening and closing of tooltip" time="0.018">
    </testcase>
    <testcase classname="packages/tooltip when trigger is an inline function renders a button to the DOM with trigger button" name="packages/tooltip when trigger is an inline function renders a button to the DOM with trigger button" time="0.003">
    </testcase>
    <testcase classname="packages/tooltip when trigger is an inline function when &quot;triggerEvent&quot; is click, clicking triggers opening and closing of tooltip" name="packages/tooltip when trigger is an inline function when &quot;triggerEvent&quot; is click, clicking triggers opening and closing of tooltip" time="0.016">
    </testcase>
    <testcase classname="packages/tooltip when trigger contains nested children renders trigger in document" name="packages/tooltip when trigger contains nested children renders trigger in document" time="0.004">
    </testcase>
    <testcase classname="packages/tooltip portals popover content to end of DOM, when &quot;usePortal&quot; is not set" name="packages/tooltip portals popover content to end of DOM, when &quot;usePortal&quot; is not set" time="0.008">
    </testcase>
    <testcase classname="packages/tooltip does not portal popover content to end of DOM when &quot;usePortal&quot; is false" name="packages/tooltip does not portal popover content to end of DOM when &quot;usePortal&quot; is false" time="0.008">
    </testcase>
    <testcase classname="packages/tooltip applies &quot;portalClassName&quot; to root of portal" name="packages/tooltip applies &quot;portalClassName&quot; to root of portal" time="0.008">
    </testcase>
    <testcase classname="packages/tooltip does not allow specifying &quot;portalClassName&quot;, when &quot;usePortal&quot; is false" name="packages/tooltip does not allow specifying &quot;portalClassName&quot;, when &quot;usePortal&quot; is false" time="0.005">
    </testcase>
  </testsuite>
  <testsuite name="packages/mongo-nav/src/org-nav" errors="0" failures="0" skipped="0" timestamp="2020-07-29T17:37:47" time="4.039" tests="104">
    <testcase classname="packages/mongo-nav/src/org-nav when rendered with default props does not display the payment status badge" name="packages/mongo-nav/src/org-nav when rendered with default props does not display the payment status badge" time="0.107">
    </testcase>
    <testcase classname="packages/mongo-nav/src/org-nav when rendered with default props does not display the version" name="packages/mongo-nav/src/org-nav when rendered with default props does not display the version" time="0.026">
    </testcase>
    <testcase classname="packages/mongo-nav/src/org-nav when rendered with default props displays the UserMenu and does not display the onPrem User Menu" name="packages/mongo-nav/src/org-nav when rendered with default props displays the UserMenu and does not display the onPrem User Menu" time="0.112">
    </testcase>
    <testcase classname="packages/mongo-nav/src/org-nav when rendered with default props displays the Support nav" name="packages/mongo-nav/src/org-nav when rendered with default props displays the Support nav" time="0.045">
    </testcase>
    <testcase classname="packages/mongo-nav/src/org-nav when rendered with default props displays the Billing nav" name="packages/mongo-nav/src/org-nav when rendered with default props displays the Billing nav" time="0.038">
    </testcase>
    <testcase classname="packages/mongo-nav/src/org-nav when rendered with default props displays the All Clusters nav" name="packages/mongo-nav/src/org-nav when rendered with default props displays the All Clusters nav" time="0.037">
    </testcase>
    <testcase classname="packages/mongo-nav/src/org-nav when rendered with default props does not display the Admin nav" name="packages/mongo-nav/src/org-nav when rendered with default props does not display the Admin nav" time="0.017">
    </testcase>
    <testcase classname="packages/mongo-nav/src/org-nav when rendered with default props it does not render the FedRAMP banner" name="packages/mongo-nav/src/org-nav when rendered with default props it does not render the FedRAMP banner" time="0.017">
    </testcase>
    <testcase classname="packages/mongo-nav/src/org-nav when rendered as an admin without an active preferences nav displays the payment status badge" name="packages/mongo-nav/src/org-nav when rendered as an admin without an active preferences nav displays the payment status badge" time="0.038">
    </testcase>
    <testcase classname="packages/mongo-nav/src/org-nav when rendered as an admin without an active preferences nav displays the Support nav" name="packages/mongo-nav/src/org-nav when rendered as an admin without an active preferences nav displays the Support nav" time="0.034">
    </testcase>
    <testcase classname="packages/mongo-nav/src/org-nav when rendered as an admin without an active preferences nav displays the Billing nav" name="packages/mongo-nav/src/org-nav when rendered as an admin without an active preferences nav displays the Billing nav" time="0.039">
    </testcase>
    <testcase classname="packages/mongo-nav/src/org-nav when rendered as an admin without an active preferences nav displays the All Clusters nav" name="packages/mongo-nav/src/org-nav when rendered as an admin without an active preferences nav displays the All Clusters nav" time="0.047">
    </testcase>
    <testcase classname="packages/mongo-nav/src/org-nav when rendered as an admin without an active preferences nav displays the Admin nav" name="packages/mongo-nav/src/org-nav when rendered as an admin without an active preferences nav displays the Admin nav" time="0.056">
    </testcase>
    <testcase classname="packages/mongo-nav/src/org-nav when rendered as an admin with an active preferences nav when the element userMenuCloudInvitations is active does not display the payment status badge" name="packages/mongo-nav/src/org-nav when rendered as an admin with an active preferences nav when the element userMenuCloudInvitations is active does not display the payment status badge" time="0.036">
    </testcase>
    <testcase classname="packages/mongo-nav/src/org-nav when rendered as an admin with an active preferences nav when the element userMenuCloudInvitations is active does not display the version" name="packages/mongo-nav/src/org-nav when rendered as an admin with an active preferences nav when the element userMenuCloudInvitations is active does not display the version" time="0.018">
    </testcase>
    <testcase classname="packages/mongo-nav/src/org-nav when rendered as an admin with an active preferences nav when the element userMenuCloudInvitations is active does not display the Support nav" name="packages/mongo-nav/src/org-nav when rendered as an admin with an active preferences nav when the element userMenuCloudInvitations is active does not display the Support nav" time="0.016">
    </testcase>
    <testcase classname="packages/mongo-nav/src/org-nav when rendered as an admin with an active preferences nav when the element userMenuCloudInvitations is active does not display the Billing nav" name="packages/mongo-nav/src/org-nav when rendered as an admin with an active preferences nav when the element userMenuCloudInvitations is active does not display the Billing nav" time="0.013">
    </testcase>
    <testcase classname="packages/mongo-nav/src/org-nav when rendered as an admin with an active preferences nav when the element userMenuCloudInvitations is active displays the All Clusters nav" name="packages/mongo-nav/src/org-nav when rendered as an admin with an active preferences nav when the element userMenuCloudInvitations is active displays the All Clusters nav" time="0.044">
    </testcase>
    <testcase classname="packages/mongo-nav/src/org-nav when rendered as an admin with an active preferences nav when the element userMenuCloudInvitations is active displays the Admin nav" name="packages/mongo-nav/src/org-nav when rendered as an admin with an active preferences nav when the element userMenuCloudInvitations is active displays the Admin nav" time="0.039">
    </testcase>
    <testcase classname="packages/mongo-nav/src/org-nav when rendered as an admin with an active preferences nav when the element userMenuCloudMFA is active does not display the payment status badge" name="packages/mongo-nav/src/org-nav when rendered as an admin with an active preferences nav when the element userMenuCloudMFA is active does not display the payment status badge" time="0.012">
    </testcase>
    <testcase classname="packages/mongo-nav/src/org-nav when rendered as an admin with an active preferences nav when the element userMenuCloudMFA is active does not display the version" name="packages/mongo-nav/src/org-nav when rendered as an admin with an active preferences nav when the element userMenuCloudMFA is active does not display the version" time="0.013">
    </testcase>
    <testcase classname="packages/mongo-nav/src/org-nav when rendered as an admin with an active preferences nav when the element userMenuCloudMFA is active does not display the Support nav" name="packages/mongo-nav/src/org-nav when rendered as an admin with an active preferences nav when the element userMenuCloudMFA is active does not display the Support nav" time="0.011">
    </testcase>
    <testcase classname="packages/mongo-nav/src/org-nav when rendered as an admin with an active preferences nav when the element userMenuCloudMFA is active does not display the Billing nav" name="packages/mongo-nav/src/org-nav when rendered as an admin with an active preferences nav when the element userMenuCloudMFA is active does not display the Billing nav" time="0.012">
    </testcase>
    <testcase classname="packages/mongo-nav/src/org-nav when rendered as an admin with an active preferences nav when the element userMenuCloudMFA is active displays the All Clusters nav" name="packages/mongo-nav/src/org-nav when rendered as an admin with an active preferences nav when the element userMenuCloudMFA is active displays the All Clusters nav" time="0.039">
    </testcase>
    <testcase classname="packages/mongo-nav/src/org-nav when rendered as an admin with an active preferences nav when the element userMenuCloudMFA is active displays the Admin nav" name="packages/mongo-nav/src/org-nav when rendered as an admin with an active preferences nav when the element userMenuCloudMFA is active displays the Admin nav" time="0.036">
    </testcase>
    <testcase classname="packages/mongo-nav/src/org-nav when rendered as an admin with an active preferences nav when the element userMenuCloudOrganizations is active does not display the payment status badge" name="packages/mongo-nav/src/org-nav when rendered as an admin with an active preferences nav when the element userMenuCloudOrganizations is active does not display the payment status badge" time="0.013">
    </testcase>
    <testcase classname="packages/mongo-nav/src/org-nav when rendered as an admin with an active preferences nav when the element userMenuCloudOrganizations is active does not display the version" name="packages/mongo-nav/src/org-nav when rendered as an admin with an active preferences nav when the element userMenuCloudOrganizations is active does not display the version" time="0.015">
    </testcase>
    <testcase classname="packages/mongo-nav/src/org-nav when rendered as an admin with an active preferences nav when the element userMenuCloudOrganizations is active does not display the Support nav" name="packages/mongo-nav/src/org-nav when rendered as an admin with an active preferences nav when the element userMenuCloudOrganizations is active does not display the Support nav" time="0.012">
    </testcase>
    <testcase classname="packages/mongo-nav/src/org-nav when rendered as an admin with an active preferences nav when the element userMenuCloudOrganizations is active does not display the Billing nav" name="packages/mongo-nav/src/org-nav when rendered as an admin with an active preferences nav when the element userMenuCloudOrganizations is active does not display the Billing nav" time="0.018">
    </testcase>
    <testcase classname="packages/mongo-nav/src/org-nav when rendered as an admin with an active preferences nav when the element userMenuCloudOrganizations is active displays the All Clusters nav" name="packages/mongo-nav/src/org-nav when rendered as an admin with an active preferences nav when the element userMenuCloudOrganizations is active displays the All Clusters nav" time="0.037">
    </testcase>
    <testcase classname="packages/mongo-nav/src/org-nav when rendered as an admin with an active preferences nav when the element userMenuCloudOrganizations is active displays the Admin nav" name="packages/mongo-nav/src/org-nav when rendered as an admin with an active preferences nav when the element userMenuCloudOrganizations is active displays the Admin nav" time="0.036">
    </testcase>
    <testcase classname="packages/mongo-nav/src/org-nav when rendered as an admin with an active preferences nav when the element userMenuCloudOther is active does not display the payment status badge" name="packages/mongo-nav/src/org-nav when rendered as an admin with an active preferences nav when the element userMenuCloudOther is active does not display the payment status badge" time="0.012">
    </testcase>
    <testcase classname="packages/mongo-nav/src/org-nav when rendered as an admin with an active preferences nav when the element userMenuCloudOther is active does not display the version" name="packages/mongo-nav/src/org-nav when rendered as an admin with an active preferences nav when the element userMenuCloudOther is active does not display the version" time="0.012">
    </testcase>
    <testcase classname="packages/mongo-nav/src/org-nav when rendered as an admin with an active preferences nav when the element userMenuCloudOther is active does not display the Support nav" name="packages/mongo-nav/src/org-nav when rendered as an admin with an active preferences nav when the element userMenuCloudOther is active does not display the Support nav" time="0.012">
    </testcase>
    <testcase classname="packages/mongo-nav/src/org-nav when rendered as an admin with an active preferences nav when the element userMenuCloudOther is active does not display the Billing nav" name="packages/mongo-nav/src/org-nav when rendered as an admin with an active preferences nav when the element userMenuCloudOther is active does not display the Billing nav" time="0.01">
    </testcase>
    <testcase classname="packages/mongo-nav/src/org-nav when rendered as an admin with an active preferences nav when the element userMenuCloudOther is active displays the All Clusters nav" name="packages/mongo-nav/src/org-nav when rendered as an admin with an active preferences nav when the element userMenuCloudOther is active displays the All Clusters nav" time="0.033">
    </testcase>
    <testcase classname="packages/mongo-nav/src/org-nav when rendered as an admin with an active preferences nav when the element userMenuCloudOther is active displays the Admin nav" name="packages/mongo-nav/src/org-nav when rendered as an admin with an active preferences nav when the element userMenuCloudOther is active displays the Admin nav" time="0.03">
    </testcase>
    <testcase classname="packages/mongo-nav/src/org-nav when rendered as an admin with an active preferences nav when the element userMenuCloudUserPreferences is active does not display the payment status badge" name="packages/mongo-nav/src/org-nav when rendered as an admin with an active preferences nav when the element userMenuCloudUserPreferences is active does not display the payment status badge" time="0.012">
    </testcase>
    <testcase classname="packages/mongo-nav/src/org-nav when rendered as an admin with an active preferences nav when the element userMenuCloudUserPreferences is active does not display the version" name="packages/mongo-nav/src/org-nav when rendered as an admin with an active preferences nav when the element userMenuCloudUserPreferences is active does not display the version" time="0.013">
    </testcase>
    <testcase classname="packages/mongo-nav/src/org-nav when rendered as an admin with an active preferences nav when the element userMenuCloudUserPreferences is active does not display the Support nav" name="packages/mongo-nav/src/org-nav when rendered as an admin with an active preferences nav when the element userMenuCloudUserPreferences is active does not display the Support nav" time="0.012">
    </testcase>
    <testcase classname="packages/mongo-nav/src/org-nav when rendered as an admin with an active preferences nav when the element userMenuCloudUserPreferences is active does not display the Billing nav" name="packages/mongo-nav/src/org-nav when rendered as an admin with an active preferences nav when the element userMenuCloudUserPreferences is active does not display the Billing nav" time="0.011">
    </testcase>
    <testcase classname="packages/mongo-nav/src/org-nav when rendered as an admin with an active preferences nav when the element userMenuCloudUserPreferences is active displays the All Clusters nav" name="packages/mongo-nav/src/org-nav when rendered as an admin with an active preferences nav when the element userMenuCloudUserPreferences is active displays the All Clusters nav" time="0.03">
    </testcase>
    <testcase classname="packages/mongo-nav/src/org-nav when rendered as an admin with an active preferences nav when the element userMenuCloudUserPreferences is active displays the Admin nav" name="packages/mongo-nav/src/org-nav when rendered as an admin with an active preferences nav when the element userMenuCloudUserPreferences is active displays the Admin nav" time="0.038">
    </testcase>
    <testcase classname="packages/mongo-nav/src/org-nav when rendered without project nav shows project access as disabled" name="packages/mongo-nav/src/org-nav when rendered without project nav shows project access as disabled" time="0.065">
    </testcase>
    <testcase classname="packages/mongo-nav/src/org-nav when rendered onPrem does not display the payment status badge" name="packages/mongo-nav/src/org-nav when rendered onPrem does not display the payment status badge" time="0.022">
    </testcase>
    <testcase classname="packages/mongo-nav/src/org-nav when rendered onPrem displays the version" name="packages/mongo-nav/src/org-nav when rendered onPrem displays the version" time="0.043">
    </testcase>
    <testcase classname="packages/mongo-nav/src/org-nav when rendered onPrem does not display the UserMenu and displays the onPrem User Menu" name="packages/mongo-nav/src/org-nav when rendered onPrem does not display the UserMenu and displays the onPrem User Menu" time="0.05">
    </testcase>
    <testcase classname="packages/mongo-nav/src/org-nav when rendered onPrem does not display the MFA option" name="packages/mongo-nav/src/org-nav when rendered onPrem does not display the MFA option" time="0.064">
    </testcase>
    <testcase classname="packages/mongo-nav/src/org-nav when rendered onPrem displays the Support nav" name="packages/mongo-nav/src/org-nav when rendered onPrem displays the Support nav" time="0.041">
    </testcase>
    <testcase classname="packages/mongo-nav/src/org-nav when rendered onPrem does not display the Billing nav" name="packages/mongo-nav/src/org-nav when rendered onPrem does not display the Billing nav" time="0.018">
    </testcase>
    <testcase classname="packages/mongo-nav/src/org-nav when rendered onPrem displays the All Clusters nav" name="packages/mongo-nav/src/org-nav when rendered onPrem displays the All Clusters nav" time="0.042">
    </testcase>
    <testcase classname="packages/mongo-nav/src/org-nav when rendered onPrem does not display the Admin nav" name="packages/mongo-nav/src/org-nav when rendered onPrem does not display the Admin nav" time="0.017">
    </testcase>
    <testcase classname="packages/mongo-nav/src/org-nav when rendered onPrem and onPremMFA is true displays the MFA option" name="packages/mongo-nav/src/org-nav when rendered onPrem and onPremMFA is true displays the MFA option" time="0.041">
    </testcase>
    <testcase classname="packages/mongo-nav/src/org-nav when rendered onPrem and admin is set to true displays the Support nav" name="packages/mongo-nav/src/org-nav when rendered onPrem and admin is set to true displays the Support nav" time="0.038">
    </testcase>
    <testcase classname="packages/mongo-nav/src/org-nav when rendered onPrem and admin is set to true does not display the Billing nav" name="packages/mongo-nav/src/org-nav when rendered onPrem and admin is set to true does not display the Billing nav" time="0.018">
    </testcase>
    <testcase classname="packages/mongo-nav/src/org-nav when rendered onPrem and admin is set to true displays the All Clusters nav" name="packages/mongo-nav/src/org-nav when rendered onPrem and admin is set to true displays the All Clusters nav" time="0.043">
    </testcase>
    <testcase classname="packages/mongo-nav/src/org-nav when rendered onPrem and admin is set to true displays the Admin nav" name="packages/mongo-nav/src/org-nav when rendered onPrem and admin is set to true displays the Admin nav" time="0.043">
    </testcase>
    <testcase classname="packages/mongo-nav/src/org-nav when rendered as an ops manager admin with an active account nav when the element userMenuOnPremInvitations is active does not display the payment status badge" name="packages/mongo-nav/src/org-nav when rendered as an ops manager admin with an active account nav when the element userMenuOnPremInvitations is active does not display the payment status badge" time="0.015">
    </testcase>
    <testcase classname="packages/mongo-nav/src/org-nav when rendered as an ops manager admin with an active account nav when the element userMenuOnPremInvitations is active displays the version" name="packages/mongo-nav/src/org-nav when rendered as an ops manager admin with an active account nav when the element userMenuOnPremInvitations is active displays the version" time="0.044">
    </testcase>
    <testcase classname="packages/mongo-nav/src/org-nav when rendered as an ops manager admin with an active account nav when the element userMenuOnPremInvitations is active does not display the Support nav" name="packages/mongo-nav/src/org-nav when rendered as an ops manager admin with an active account nav when the element userMenuOnPremInvitations is active does not display the Support nav" time="0.01">
    </testcase>
    <testcase classname="packages/mongo-nav/src/org-nav when rendered as an ops manager admin with an active account nav when the element userMenuOnPremInvitations is active does not display the Billing nav" name="packages/mongo-nav/src/org-nav when rendered as an ops manager admin with an active account nav when the element userMenuOnPremInvitations is active does not display the Billing nav" time="0.012">
    </testcase>
    <testcase classname="packages/mongo-nav/src/org-nav when rendered as an ops manager admin with an active account nav when the element userMenuOnPremInvitations is active displays the All Clusters nav" name="packages/mongo-nav/src/org-nav when rendered as an ops manager admin with an active account nav when the element userMenuOnPremInvitations is active displays the All Clusters nav" time="0.035">
    </testcase>
    <testcase classname="packages/mongo-nav/src/org-nav when rendered as an ops manager admin with an active account nav when the element userMenuOnPremInvitations is active displays the Admin nav" name="packages/mongo-nav/src/org-nav when rendered as an ops manager admin with an active account nav when the element userMenuOnPremInvitations is active displays the Admin nav" time="0.075">
    </testcase>
    <testcase classname="packages/mongo-nav/src/org-nav when rendered as an ops manager admin with an active account nav when the element userMenuOnPremOrganizations is active does not display the payment status badge" name="packages/mongo-nav/src/org-nav when rendered as an ops manager admin with an active account nav when the element userMenuOnPremOrganizations is active does not display the payment status badge" time="0.026">
    </testcase>
    <testcase classname="packages/mongo-nav/src/org-nav when rendered as an ops manager admin with an active account nav when the element userMenuOnPremOrganizations is active displays the version" name="packages/mongo-nav/src/org-nav when rendered as an ops manager admin with an active account nav when the element userMenuOnPremOrganizations is active displays the version" time="0.067">
    </testcase>
    <testcase classname="packages/mongo-nav/src/org-nav when rendered as an ops manager admin with an active account nav when the element userMenuOnPremOrganizations is active does not display the Support nav" name="packages/mongo-nav/src/org-nav when rendered as an ops manager admin with an active account nav when the element userMenuOnPremOrganizations is active does not display the Support nav" time="0.021">
    </testcase>
    <testcase classname="packages/mongo-nav/src/org-nav when rendered as an ops manager admin with an active account nav when the element userMenuOnPremOrganizations is active does not display the Billing nav" name="packages/mongo-nav/src/org-nav when rendered as an ops manager admin with an active account nav when the element userMenuOnPremOrganizations is active does not display the Billing nav" time="0.025">
    </testcase>
    <testcase classname="packages/mongo-nav/src/org-nav when rendered as an ops manager admin with an active account nav when the element userMenuOnPremOrganizations is active displays the All Clusters nav" name="packages/mongo-nav/src/org-nav when rendered as an ops manager admin with an active account nav when the element userMenuOnPremOrganizations is active displays the All Clusters nav" time="0.042">
    </testcase>
    <testcase classname="packages/mongo-nav/src/org-nav when rendered as an ops manager admin with an active account nav when the element userMenuOnPremOrganizations is active displays the Admin nav" name="packages/mongo-nav/src/org-nav when rendered as an ops manager admin with an active account nav when the element userMenuOnPremOrganizations is active displays the Admin nav" time="0.041">
    </testcase>
    <testcase classname="packages/mongo-nav/src/org-nav when rendered as an ops manager admin with an active account nav when the element userMenuOnPremOther is active does not display the payment status badge" name="packages/mongo-nav/src/org-nav when rendered as an ops manager admin with an active account nav when the element userMenuOnPremOther is active does not display the payment status badge" time="0.011">
    </testcase>
    <testcase classname="packages/mongo-nav/src/org-nav when rendered as an ops manager admin with an active account nav when the element userMenuOnPremOther is active displays the version" name="packages/mongo-nav/src/org-nav when rendered as an ops manager admin with an active account nav when the element userMenuOnPremOther is active displays the version" time="0.04">
    </testcase>
    <testcase classname="packages/mongo-nav/src/org-nav when rendered as an ops manager admin with an active account nav when the element userMenuOnPremOther is active does not display the Support nav" name="packages/mongo-nav/src/org-nav when rendered as an ops manager admin with an active account nav when the element userMenuOnPremOther is active does not display the Support nav" time="0.014">
    </testcase>
    <testcase classname="packages/mongo-nav/src/org-nav when rendered as an ops manager admin with an active account nav when the element userMenuOnPremOther is active does not display the Billing nav" name="packages/mongo-nav/src/org-nav when rendered as an ops manager admin with an active account nav when the element userMenuOnPremOther is active does not display the Billing nav" time="0.012">
    </testcase>
    <testcase classname="packages/mongo-nav/src/org-nav when rendered as an ops manager admin with an active account nav when the element userMenuOnPremOther is active displays the All Clusters nav" name="packages/mongo-nav/src/org-nav when rendered as an ops manager admin with an active account nav when the element userMenuOnPremOther is active displays the All Clusters nav" time="0.04">
    </testcase>
    <testcase classname="packages/mongo-nav/src/org-nav when rendered as an ops manager admin with an active account nav when the element userMenuOnPremOther is active displays the Admin nav" name="packages/mongo-nav/src/org-nav when rendered as an ops manager admin with an active account nav when the element userMenuOnPremOther is active displays the Admin nav" time="0.045">
    </testcase>
    <testcase classname="packages/mongo-nav/src/org-nav when rendered as an ops manager admin with an active account nav when the element userMenuOnPremPersonalization is active does not display the payment status badge" name="packages/mongo-nav/src/org-nav when rendered as an ops manager admin with an active account nav when the element userMenuOnPremPersonalization is active does not display the payment status badge" time="0.046">
    </testcase>
    <testcase classname="packages/mongo-nav/src/org-nav when rendered as an ops manager admin with an active account nav when the element userMenuOnPremPersonalization is active displays the version" name="packages/mongo-nav/src/org-nav when rendered as an ops manager admin with an active account nav when the element userMenuOnPremPersonalization is active displays the version" time="0.078">
    </testcase>
    <testcase classname="packages/mongo-nav/src/org-nav when rendered as an ops manager admin with an active account nav when the element userMenuOnPremPersonalization is active does not display the Support nav" name="packages/mongo-nav/src/org-nav when rendered as an ops manager admin with an active account nav when the element userMenuOnPremPersonalization is active does not display the Support nav" time="0.021">
    </testcase>
    <testcase classname="packages/mongo-nav/src/org-nav when rendered as an ops manager admin with an active account nav when the element userMenuOnPremPersonalization is active does not display the Billing nav" name="packages/mongo-nav/src/org-nav when rendered as an ops manager admin with an active account nav when the element userMenuOnPremPersonalization is active does not display the Billing nav" time="0.023">
    </testcase>
    <testcase classname="packages/mongo-nav/src/org-nav when rendered as an ops manager admin with an active account nav when the element userMenuOnPremPersonalization is active displays the All Clusters nav" name="packages/mongo-nav/src/org-nav when rendered as an ops manager admin with an active account nav when the element userMenuOnPremPersonalization is active displays the All Clusters nav" time="0.07">
    </testcase>
    <testcase classname="packages/mongo-nav/src/org-nav when rendered as an ops manager admin with an active account nav when the element userMenuOnPremPersonalization is active displays the Admin nav" name="packages/mongo-nav/src/org-nav when rendered as an ops manager admin with an active account nav when the element userMenuOnPremPersonalization is active displays the Admin nav" time="0.049">
    </testcase>
    <testcase classname="packages/mongo-nav/src/org-nav when rendered as an ops manager admin with an active account nav when the element userMenuOnPremProfile is active does not display the payment status badge" name="packages/mongo-nav/src/org-nav when rendered as an ops manager admin with an active account nav when the element userMenuOnPremProfile is active does not display the payment status badge" time="0.014">
    </testcase>
    <testcase classname="packages/mongo-nav/src/org-nav when rendered as an ops manager admin with an active account nav when the element userMenuOnPremProfile is active displays the version" name="packages/mongo-nav/src/org-nav when rendered as an ops manager admin with an active account nav when the element userMenuOnPremProfile is active displays the version" time="0.049">
    </testcase>
    <testcase classname="packages/mongo-nav/src/org-nav when rendered as an ops manager admin with an active account nav when the element userMenuOnPremProfile is active does not display the Support nav" name="packages/mongo-nav/src/org-nav when rendered as an ops manager admin with an active account nav when the element userMenuOnPremProfile is active does not display the Support nav" time="0.011">
    </testcase>
    <testcase classname="packages/mongo-nav/src/org-nav when rendered as an ops manager admin with an active account nav when the element userMenuOnPremProfile is active does not display the Billing nav" name="packages/mongo-nav/src/org-nav when rendered as an ops manager admin with an active account nav when the element userMenuOnPremProfile is active does not display the Billing nav" time="0.014">
    </testcase>
    <testcase classname="packages/mongo-nav/src/org-nav when rendered as an ops manager admin with an active account nav when the element userMenuOnPremProfile is active displays the All Clusters nav" name="packages/mongo-nav/src/org-nav when rendered as an ops manager admin with an active account nav when the element userMenuOnPremProfile is active displays the All Clusters nav" time="0.044">
    </testcase>
    <testcase classname="packages/mongo-nav/src/org-nav when rendered as an ops manager admin with an active account nav when the element userMenuOnPremProfile is active displays the Admin nav" name="packages/mongo-nav/src/org-nav when rendered as an ops manager admin with an active account nav when the element userMenuOnPremProfile is active displays the Admin nav" time="0.045">
    </testcase>
    <testcase classname="packages/mongo-nav/src/org-nav when rendered as an ops manager admin with an active account nav when the element userMenuOnPremPublicApiAccess is active does not display the payment status badge" name="packages/mongo-nav/src/org-nav when rendered as an ops manager admin with an active account nav when the element userMenuOnPremPublicApiAccess is active does not display the payment status badge" time="0.015">
    </testcase>
    <testcase classname="packages/mongo-nav/src/org-nav when rendered as an ops manager admin with an active account nav when the element userMenuOnPremPublicApiAccess is active displays the version" name="packages/mongo-nav/src/org-nav when rendered as an ops manager admin with an active account nav when the element userMenuOnPremPublicApiAccess is active displays the version" time="0.039">
    </testcase>
    <testcase classname="packages/mongo-nav/src/org-nav when rendered as an ops manager admin with an active account nav when the element userMenuOnPremPublicApiAccess is active does not display the Support nav" name="packages/mongo-nav/src/org-nav when rendered as an ops manager admin with an active account nav when the element userMenuOnPremPublicApiAccess is active does not display the Support nav" time="0.012">
    </testcase>
    <testcase classname="packages/mongo-nav/src/org-nav when rendered as an ops manager admin with an active account nav when the element userMenuOnPremPublicApiAccess is active does not display the Billing nav" name="packages/mongo-nav/src/org-nav when rendered as an ops manager admin with an active account nav when the element userMenuOnPremPublicApiAccess is active does not display the Billing nav" time="0.012">
    </testcase>
    <testcase classname="packages/mongo-nav/src/org-nav when rendered as an ops manager admin with an active account nav when the element userMenuOnPremPublicApiAccess is active displays the All Clusters nav" name="packages/mongo-nav/src/org-nav when rendered as an ops manager admin with an active account nav when the element userMenuOnPremPublicApiAccess is active displays the All Clusters nav" time="0.039">
    </testcase>
    <testcase classname="packages/mongo-nav/src/org-nav when rendered as an ops manager admin with an active account nav when the element userMenuOnPremPublicApiAccess is active displays the Admin nav" name="packages/mongo-nav/src/org-nav when rendered as an ops manager admin with an active account nav when the element userMenuOnPremPublicApiAccess is active displays the Admin nav" time="0.036">
    </testcase>
    <testcase classname="packages/mongo-nav/src/org-nav when rendered as an ops manager admin with an active account nav when the element userMenuOnPremTwoFactorAuth is active does not display the payment status badge" name="packages/mongo-nav/src/org-nav when rendered as an ops manager admin with an active account nav when the element userMenuOnPremTwoFactorAuth is active does not display the payment status badge" time="0.011">
    </testcase>
    <testcase classname="packages/mongo-nav/src/org-nav when rendered as an ops manager admin with an active account nav when the element userMenuOnPremTwoFactorAuth is active displays the version" name="packages/mongo-nav/src/org-nav when rendered as an ops manager admin with an active account nav when the element userMenuOnPremTwoFactorAuth is active displays the version" time="0.033">
    </testcase>
    <testcase classname="packages/mongo-nav/src/org-nav when rendered as an ops manager admin with an active account nav when the element userMenuOnPremTwoFactorAuth is active does not display the Support nav" name="packages/mongo-nav/src/org-nav when rendered as an ops manager admin with an active account nav when the element userMenuOnPremTwoFactorAuth is active does not display the Support nav" time="0.014">
    </testcase>
    <testcase classname="packages/mongo-nav/src/org-nav when rendered as an ops manager admin with an active account nav when the element userMenuOnPremTwoFactorAuth is active does not display the Billing nav" name="packages/mongo-nav/src/org-nav when rendered as an ops manager admin with an active account nav when the element userMenuOnPremTwoFactorAuth is active does not display the Billing nav" time="0.011">
    </testcase>
    <testcase classname="packages/mongo-nav/src/org-nav when rendered as an ops manager admin with an active account nav when the element userMenuOnPremTwoFactorAuth is active displays the All Clusters nav" name="packages/mongo-nav/src/org-nav when rendered as an ops manager admin with an active account nav when the element userMenuOnPremTwoFactorAuth is active displays the All Clusters nav" time="0.032">
    </testcase>
    <testcase classname="packages/mongo-nav/src/org-nav when rendered as an ops manager admin with an active account nav when the element userMenuOnPremTwoFactorAuth is active displays the Admin nav" name="packages/mongo-nav/src/org-nav when rendered as an ops manager admin with an active account nav when the element userMenuOnPremTwoFactorAuth is active displays the Admin nav" time="0.036">
    </testcase>
    <testcase classname="packages/mongo-nav/src/org-nav the Access Manager dropdown displays correctly when onPrem is true and currentProject exists, the Project Access Manager link is not disabled and project name is displayed" name="packages/mongo-nav/src/org-nav the Access Manager dropdown displays correctly when onPrem is true and currentProject exists, the Project Access Manager link is not disabled and project name is displayed" time="0.025">
    </testcase>
    <testcase classname="packages/mongo-nav/src/org-nav the Access Manager dropdown displays correctly when onPrem is true and currentProject does not exist, the Project Access Manager link is disabled and the project name appears as &quot;None&quot;" name="packages/mongo-nav/src/org-nav the Access Manager dropdown displays correctly when onPrem is true and currentProject does not exist, the Project Access Manager link is disabled and the project name appears as &quot;None&quot;" time="0.026">
    </testcase>
    <testcase classname="packages/mongo-nav/src/org-nav the Access Manager dropdown displays correctly when onPrem is false and showProjectNav is true, the Project Access Manager link is not disabled and project name is displayed" name="packages/mongo-nav/src/org-nav the Access Manager dropdown displays correctly when onPrem is false and showProjectNav is true, the Project Access Manager link is not disabled and project name is displayed" time="0.027">
    </testcase>
    <testcase classname="packages/mongo-nav/src/org-nav the Access Manager dropdown displays correctly when onPrem is false and showProjectNav is false, the Project Access Manager link is disabled and the project name appears as &quot;None&quot;" name="packages/mongo-nav/src/org-nav the Access Manager dropdown displays correctly when onPrem is false and showProjectNav is false, the Project Access Manager link is disabled and the project name appears as &quot;None&quot;" time="0.027">
    </testcase>
    <testcase classname="packages/mongo-nav/src/org-nav when environment is &quot;government&quot; it renders a FedRAMP banner in the org nav" name="packages/mongo-nav/src/org-nav when environment is &quot;government&quot; it renders a FedRAMP banner in the org nav" time="0.049">
    </testcase>
  </testsuite>
  <testsuite name="packages/side-nav" errors="0" failures="0" skipped="0" timestamp="2020-07-29T17:37:51" time="0.735" tests="19">
    <testcase classname="packages/side-nav SideNavItem when rendered with a custom class name it renders the item as a button" name="packages/side-nav SideNavItem when rendered with a custom class name it renders the item as a button" time="0.026">
    </testcase>
    <testcase classname="packages/side-nav SideNavItem when rendered with a custom class name it sets the correct role for the item" name="packages/side-nav SideNavItem when rendered with a custom class name it sets the correct role for the item" time="0.004">
    </testcase>
    <testcase classname="packages/side-nav SideNavItem when rendered with a custom class name it renders with the provided class name" name="packages/side-nav SideNavItem when rendered with a custom class name it renders with the provided class name" time="0.006">
    </testcase>
    <testcase classname="packages/side-nav SideNavItem when rendered as active it sets the aria attribute for the active item" name="packages/side-nav SideNavItem when rendered as active it sets the aria attribute for the active item" time="0.015">
    </testcase>
    <testcase classname="packages/side-nav SideNavItem when rendered as disabled it sets the aria attribute for the disabled item" name="packages/side-nav SideNavItem when rendered as disabled it sets the aria attribute for the disabled item" time="0.008">
    </testcase>
    <testcase classname="packages/side-nav SideNavItem when rendered as a link it renders as an link menu item" name="packages/side-nav SideNavItem when rendered as a link it renders as an link menu item" time="0.003">
    </testcase>
    <testcase classname="packages/side-nav SideNavItem when rendered with children it renders the children" name="packages/side-nav SideNavItem when rendered with children it renders the children" time="0.004">
    </testcase>
    <testcase classname="packages/side-nav SideNavItem when rendered as a custom component it renders as the custom component" name="packages/side-nav SideNavItem when rendered as a custom component it renders as the custom component" time="0.008">
    </testcase>
    <testcase classname="packages/side-nav SideNavGroup when the group includes a string header renders the side nav group with a default header" name="packages/side-nav SideNavGroup when the group includes a string header renders the side nav group with a default header" time="0.006">
    </testcase>
    <testcase classname="packages/side-nav SideNavGroup when the group includes a string header sets the role of the list as a menu" name="packages/side-nav SideNavGroup when the group includes a string header sets the role of the list as a menu" time="0.003">
    </testcase>
    <testcase classname="packages/side-nav SideNavGroup when the group includes a string header it displays the header text in a header" name="packages/side-nav SideNavGroup when the group includes a string header it displays the header text in a header" time="0.004">
    </testcase>
    <testcase classname="packages/side-nav SideNavGroup when the group includes a string header renders the children of the side nav group" name="packages/side-nav SideNavGroup when the group includes a string header renders the children of the side nav group" time="0.003">
    </testcase>
    <testcase classname="packages/side-nav SideNavGroup when the group includes a string header it renders with the provided class name" name="packages/side-nav SideNavGroup when the group includes a string header it renders with the provided class name" time="0.003">
    </testcase>
    <testcase classname="packages/side-nav SideNavGroup when the group includes header content renders the side nav group with the header content" name="packages/side-nav SideNavGroup when the group includes header content renders the side nav group with the header content" time="0.004">
    </testcase>
    <testcase classname="packages/side-nav SideNavGroup when the group does not include a header renders the side nav group without a header" name="packages/side-nav SideNavGroup when the group does not include a header renders the side nav group without a header" time="0.003">
    </testcase>
    <testcase classname="packages/side-nav SideNav when rendered to the dom renders the side nav to the dom" name="packages/side-nav SideNav when rendered to the dom renders the side nav to the dom" time="0.004">
    </testcase>
    <testcase classname="packages/side-nav SideNav when rendered to the dom it provides an aria label for the nav" name="packages/side-nav SideNav when rendered to the dom it provides an aria label for the nav" time="0.003">
    </testcase>
    <testcase classname="packages/side-nav SideNav when rendered to the dom renders the children of the side nav" name="packages/side-nav SideNav when rendered to the dom renders the children of the side nav" time="0.003">
    </testcase>
    <testcase classname="packages/side-nav SideNav when rendered to the dom it renders with the provided class name" name="packages/side-nav SideNav when rendered to the dom it renders with the provided class name" time="0.003">
    </testcase>
  </testsuite>
  <testsuite name="packages/mongo-select/OrgSelect" errors="0" failures="0" skipped="1" timestamp="2020-07-29T17:37:52" time="1.788" tests="17">
    <testcase classname="packages/mongo-select/OrgSelect OrgSelect when rendered with default props displays the org select trigger with the current org name" name="packages/mongo-select/OrgSelect OrgSelect when rendered with default props displays the org select trigger with the current org name" time="0.091">
    </testcase>
    <testcase classname="packages/mongo-select/OrgSelect OrgSelect when rendered with default props when clicking the current organization trigger displays a search input with a placeholder" name="packages/mongo-select/OrgSelect OrgSelect when rendered with default props when clicking the current organization trigger displays a search input with a placeholder" time="0.096">
    </testcase>
    <testcase classname="packages/mongo-select/OrgSelect OrgSelect when rendered with default props when clicking the current organization trigger displays two organization results" name="packages/mongo-select/OrgSelect OrgSelect when rendered with default props when clicking the current organization trigger displays two organization results" time="0.033">
    </testcase>
    <testcase classname="packages/mongo-select/OrgSelect OrgSelect when rendered with default props when clicking the current organization trigger displays the correct names of each result" name="packages/mongo-select/OrgSelect OrgSelect when rendered with default props when clicking the current organization trigger displays the correct names of each result" time="0.039">
    </testcase>
    <testcase classname="packages/mongo-select/OrgSelect OrgSelect when rendered with default props when clicking the current organization trigger displays the correct org type of each result" name="packages/mongo-select/OrgSelect OrgSelect when rendered with default props when clicking the current organization trigger displays the correct org type of each result" time="0.031">
    </testcase>
    <testcase classname="packages/mongo-select/OrgSelect OrgSelect when rendered with default props when clicking the current organization trigger displays the correct link to projects of each result" name="packages/mongo-select/OrgSelect OrgSelect when rendered with default props when clicking the current organization trigger displays the correct link to projects of each result" time="0.029">
    </testcase>
    <testcase classname="packages/mongo-select/OrgSelect OrgSelect when rendered with default props when clicking the current organization trigger renders the logo associated with the planType" name="packages/mongo-select/OrgSelect OrgSelect when rendered with default props when clicking the current organization trigger renders the logo associated with the planType" time="0.03">
    </testcase>
    <testcase classname="packages/mongo-select/OrgSelect OrgSelect when rendered with default props when clicking the current organization trigger indicates the current organization" name="packages/mongo-select/OrgSelect OrgSelect when rendered with default props when clicking the current organization trigger indicates the current organization" time="0.035">
    </testcase>
    <testcase classname="packages/mongo-select/OrgSelect OrgSelect when rendered with default props when clicking the current organization trigger when clicking an org closes the menu" name="packages/mongo-select/OrgSelect OrgSelect when rendered with default props when clicking the current organization trigger when clicking an org closes the menu" time="0.212">
    </testcase>
    <testcase classname="packages/mongo-select/OrgSelect OrgSelect when rendered in a disabled state displays the current org as &quot;All Organizations&quot;" name="packages/mongo-select/OrgSelect OrgSelect when rendered in a disabled state displays the current org as &quot;All Organizations&quot;" time="0.018">
    </testcase>
    <testcase classname="packages/mongo-select/OrgSelect OrgSelect when rendered in a disabled state does not display an org settings icon" name="packages/mongo-select/OrgSelect OrgSelect when rendered in a disabled state does not display an org settings icon" time="0.008">
    </testcase>
    <testcase classname="packages/mongo-select/OrgSelect OrgSelect when a user filters organizations displays one organization when only one matches the search" name="packages/mongo-select/OrgSelect OrgSelect when a user filters organizations displays one organization when only one matches the search" time="0.044">
    </testcase>
    <testcase classname="packages/mongo-select/OrgSelect OrgSelect when a user filters organizations displays no organizations when none matches the search" name="packages/mongo-select/OrgSelect OrgSelect when a user filters organizations displays no organizations when none matches the search" time="0.049">
    </testcase>
    <testcase classname="packages/mongo-select/OrgSelect OrgSelect when a user filters organizations when closing the menu the filter value is reset" name="packages/mongo-select/OrgSelect OrgSelect when a user filters organizations when closing the menu the filter value is reset" time="0.217">
    </testcase>
    <testcase classname="packages/mongo-select/OrgSelect OrgSelect when all organizations have the same planType  does not render the logo associated with the planType" name="packages/mongo-select/OrgSelect OrgSelect when all organizations have the same planType  does not render the logo associated with the planType" time="0.023">
    </testcase>
    <testcase classname="packages/mongo-select/OrgSelect OrgSelect when the onChange prop is set it filters the organizations based on the onChange callback" name="packages/mongo-select/OrgSelect OrgSelect when the onChange prop is set it filters the organizations based on the onChange callback" time="0.042">
    </testcase>
    <testcase classname="packages/mongo-select/OrgSelect types work as expected does not error when only ProjectSelect values are passed to url prop" name="packages/mongo-select/OrgSelect types work as expected does not error when only ProjectSelect values are passed to url prop" time="0">
      <skipped/>
    </testcase>
  </testsuite>
  <testsuite name="packages/hooks" errors="0" failures="0" skipped="0" timestamp="2020-07-29T17:37:54" time="0.951" tests="12">
    <testcase classname="packages/hooks useEventListener event callback should only fire when enabled is true" name="packages/hooks useEventListener event callback should only fire when enabled is true" time="0.018">
    </testcase>
    <testcase classname="packages/hooks useEventListener event callback should not fire when enabled is false" name="packages/hooks useEventListener event callback should not fire when enabled is false" time="0.003">
    </testcase>
    <testcase classname="packages/hooks useEventListener event callback should not fire when enabled is toggled false after being set to true" name="packages/hooks useEventListener event callback should not fire when enabled is toggled false after being set to true" time="0.005">
    </testcase>
    <testcase classname="packages/hooks useEventListener changing a dependency does not create an additional event listener" name="packages/hooks useEventListener changing a dependency does not create an additional event listener" time="0.003">
    </testcase>
    <testcase classname="packages/hooks useElementNode it gets called twice" name="packages/hooks useElementNode it gets called twice" time="0.02">
    </testcase>
    <testcase classname="packages/hooks useViewportSize responds to updates in window size" name="packages/hooks useViewportSize responds to updates in window size" time="0.21">
    </testcase>
    <testcase classname="packages/hooks usePoller used with default values" name="packages/hooks usePoller used with default values" time="0.005">
    </testcase>
    <testcase classname="packages/hooks usePoller used with pollHandler that returns a Promise" name="packages/hooks usePoller used with pollHandler that returns a Promise" time="0.003">
    </testcase>
    <testcase classname="packages/hooks usePoller used with custom interval value" name="packages/hooks usePoller used with custom interval value" time="0.002">
    </testcase>
    <testcase classname="packages/hooks usePoller changing the enabled value" name="packages/hooks usePoller changing the enabled value" time="0.004">
    </testcase>
    <testcase classname="packages/hooks usePoller when immediate is false" name="packages/hooks usePoller when immediate is false" time="0.005">
    </testcase>
    <testcase classname="packages/hooks usePoller when document is not visible" name="packages/hooks usePoller when document is not visible" time="0.003">
    </testcase>
  </testsuite>
  <testsuite name="packages/box" errors="0" failures="0" skipped="14" timestamp="2020-07-29T17:37:55" time="0.568" tests="23">
    <testcase classname="packages/box when rendered with only shared props it renders the box component as a div" name="packages/box when rendered with only shared props it renders the box component as a div" time="0.022">
    </testcase>
    <testcase classname="packages/box when rendered with only shared props it renders the child content" name="packages/box when rendered with only shared props it renders the child content" time="0.003">
    </testcase>
    <testcase classname="packages/box when rendered with only shared props it preserves the shared props" name="packages/box when rendered with only shared props it preserves the shared props" time="0.004">
    </testcase>
    <testcase classname="packages/box when rendered with the expected anchor props it renders the box component as an anchor" name="packages/box when rendered with the expected anchor props it renders the box component as an anchor" time="0.004">
    </testcase>
    <testcase classname="packages/box when rendered with the expected anchor props it renders the child content" name="packages/box when rendered with the expected anchor props it renders the child content" time="0.002">
    </testcase>
    <testcase classname="packages/box when rendered with the expected anchor props it preserves the shared props" name="packages/box when rendered with the expected anchor props it preserves the shared props" time="0.002">
    </testcase>
    <testcase classname="packages/box when rendered with the expected anchor props it sets the anchor-specific attributes" name="packages/box when rendered with the expected anchor props it sets the anchor-specific attributes" time="0.004">
    </testcase>
    <testcase classname="packages/box when rendered as a custom component it renders the box component as the custom component" name="packages/box when rendered as a custom component it renders the box component as the custom component" time="0.004">
    </testcase>
    <testcase classname="packages/box when rendered as a custom component it renders the child content" name="packages/box when rendered as a custom component it renders the child content" time="0.002">
    </testcase>
    <testcase classname="packages/box types work as expected does not allow specifying &quot;target&quot;, without &quot;as&quot; or &quot;href&quot;" name="packages/box types work as expected does not allow specifying &quot;target&quot;, without &quot;as&quot; or &quot;href&quot;" time="0">
      <skipped/>
    </testcase>
    <testcase classname="packages/box types work as expected does not allow specifying &quot;href&quot;, when &quot;as&quot; is set to &quot;div&quot; " name="packages/box types work as expected does not allow specifying &quot;href&quot;, when &quot;as&quot; is set to &quot;div&quot; " time="0">
      <skipped/>
    </testcase>
    <testcase classname="packages/box types work as expected does not allow props that do not exist on the &quot;as&quot; element" name="packages/box types work as expected does not allow props that do not exist on the &quot;as&quot; element" time="0">
      <skipped/>
    </testcase>
    <testcase classname="packages/box types work as expected expects &quot;href&quot; to be a string when as is an anchor component wrapper" name="packages/box types work as expected expects &quot;href&quot; to be a string when as is an anchor component wrapper" time="0">
      <skipped/>
    </testcase>
    <testcase classname="packages/box types work as expected expects required props to exist when as is a React Component with required props" name="packages/box types work as expected expects required props to exist when as is a React Component with required props" time="0">
      <skipped/>
    </testcase>
    <testcase classname="packages/box packages/box/ExtendableBox the types work as expected does not allow specifying &quot;target&quot;, without &quot;as&quot; or &quot;href&quot;" name="packages/box packages/box/ExtendableBox the types work as expected does not allow specifying &quot;target&quot;, without &quot;as&quot; or &quot;href&quot;" time="0">
      <skipped/>
    </testcase>
    <testcase classname="packages/box packages/box/ExtendableBox the types work as expected does not allow specifying &quot;href&quot;, when &quot;as&quot; is set to &quot;div&quot; " name="packages/box packages/box/ExtendableBox the types work as expected does not allow specifying &quot;href&quot;, when &quot;as&quot; is set to &quot;div&quot; " time="0">
      <skipped/>
    </testcase>
    <testcase classname="packages/box packages/box/ExtendableBox the types work as expected does not allow props that do not exist on the &quot;as&quot; element" name="packages/box packages/box/ExtendableBox the types work as expected does not allow props that do not exist on the &quot;as&quot; element" time="0">
      <skipped/>
    </testcase>
    <testcase classname="packages/box packages/box/ExtendableBox the types work as expected expects &quot;href&quot; to be a string when as is an anchor component wrapper" name="packages/box packages/box/ExtendableBox the types work as expected expects &quot;href&quot; to be a string when as is an anchor component wrapper" time="0">
      <skipped/>
    </testcase>
    <testcase classname="packages/box packages/box/ExtendableBox the types work as expected expects required props to exist when as is a React Component with required props" name="packages/box packages/box/ExtendableBox the types work as expected expects required props to exist when as is a React Component with required props" time="0">
      <skipped/>
    </testcase>
    <testcase classname="packages/box packages/box/ExtendableBox the types work as expected when Extendable Box has a default &quot;as&quot; that is not a &quot;div&quot; allows props based on the default supplied" name="packages/box packages/box/ExtendableBox the types work as expected when Extendable Box has a default &quot;as&quot; that is not a &quot;div&quot; allows props based on the default supplied" time="0">
      <skipped/>
    </testcase>
    <testcase classname="packages/box packages/box/ExtendableBox the types work as expected when Extendable Box has a default &quot;as&quot; that is not a &quot;div&quot; errors when &quot;as&quot; overwrites default and props are no longer compatible" name="packages/box packages/box/ExtendableBox the types work as expected when Extendable Box has a default &quot;as&quot; that is not a &quot;div&quot; errors when &quot;as&quot; overwrites default and props are no longer compatible" time="0">
      <skipped/>
    </testcase>
    <testcase classname="packages/box packages/box/ExtendableBox the types work as expected when Extendable Box has a default &quot;as&quot; that is not a &quot;div&quot; errors when prop that only belongs on &quot;a&quot; is supplied without setting &quot;as&quot;" name="packages/box packages/box/ExtendableBox the types work as expected when Extendable Box has a default &quot;as&quot; that is not a &quot;div&quot; errors when prop that only belongs on &quot;a&quot; is supplied without setting &quot;as&quot;" time="0">
      <skipped/>
    </testcase>
    <testcase classname="packages/box packages/box/ExtendableBox the types work as expected when Extendable Box has a default &quot;as&quot; that is not a &quot;div&quot; allows prop that only belongs on &quot;a&quot; when setting &quot;as&quot;" name="packages/box packages/box/ExtendableBox the types work as expected when Extendable Box has a default &quot;as&quot; that is not a &quot;div&quot; allows prop that only belongs on &quot;a&quot; when setting &quot;as&quot;" time="0">
      <skipped/>
    </testcase>
  </testsuite>
  <testsuite name="packages/mongo-nav/src/project-nav" errors="0" failures="0" skipped="0" timestamp="2020-07-29T17:37:55" time="2.929" tests="24">
    <testcase classname="packages/mongo-nav/src/project-nav when rendered with default props displays the realm in the nav" name="packages/mongo-nav/src/project-nav when rendered with default props displays the realm in the nav" time="0.362">
    </testcase>
    <testcase classname="packages/mongo-nav/src/project-nav when rendered with default props displays the charts in the nav" name="packages/mongo-nav/src/project-nav when rendered with default props displays the charts in the nav" time="0.081">
    </testcase>
    <testcase classname="packages/mongo-nav/src/project-nav when rendered with default props displays the atlas in the nav" name="packages/mongo-nav/src/project-nav when rendered with default props displays the atlas in the nav" time="0.095">
    </testcase>
    <testcase classname="packages/mongo-nav/src/project-nav when rendered with default props does not display the cloudManager in the nav" name="packages/mongo-nav/src/project-nav when rendered with default props does not display the cloudManager in the nav" time="0.04">
    </testcase>
    <testcase classname="packages/mongo-nav/src/project-nav when rendered with default props displays the Alerts iconButton" name="packages/mongo-nav/src/project-nav when rendered with default props displays the Alerts iconButton" time="0.171">
    </testcase>
    <testcase classname="packages/mongo-nav/src/project-nav when rendered with default props displays the Activity Feed iconButton" name="packages/mongo-nav/src/project-nav when rendered with default props displays the Activity Feed iconButton" time="0.085">
    </testcase>
    <testcase classname="packages/mongo-nav/src/project-nav when rendered with default props displays the Invite iconButton" name="packages/mongo-nav/src/project-nav when rendered with default props displays the Invite iconButton" time="0.189">
    </testcase>
    <testcase classname="packages/mongo-nav/src/project-nav when rendered with default props does not display the project status badge in the nav" name="packages/mongo-nav/src/project-nav when rendered with default props does not display the project status badge in the nav" time="0.079">
    </testcase>
    <testcase classname="packages/mongo-nav/src/project-nav when rendered with default props atlas tab shows the correct link" name="packages/mongo-nav/src/project-nav when rendered with default props atlas tab shows the correct link" time="0.06">
    </testcase>
    <testcase classname="packages/mongo-nav/src/project-nav when rendered with default props does not show alerts badge" name="packages/mongo-nav/src/project-nav when rendered with default props does not show alerts badge" time="0.041">
    </testcase>
    <testcase classname="packages/mongo-nav/src/project-nav when the current organization uses Cloud Manager does not display the realm in the nav" name="packages/mongo-nav/src/project-nav when the current organization uses Cloud Manager does not display the realm in the nav" time="0.03">
    </testcase>
    <testcase classname="packages/mongo-nav/src/project-nav when the current organization uses Cloud Manager does not display the charts in the nav" name="packages/mongo-nav/src/project-nav when the current organization uses Cloud Manager does not display the charts in the nav" time="0.05">
    </testcase>
    <testcase classname="packages/mongo-nav/src/project-nav when the current organization uses Cloud Manager does not display the atlas in the nav" name="packages/mongo-nav/src/project-nav when the current organization uses Cloud Manager does not display the atlas in the nav" time="0.066">
    </testcase>
    <testcase classname="packages/mongo-nav/src/project-nav when the current organization uses Cloud Manager displays the cloudManager in the nav" name="packages/mongo-nav/src/project-nav when the current organization uses Cloud Manager displays the cloudManager in the nav" time="0.356">
    </testcase>
    <testcase classname="packages/mongo-nav/src/project-nav when the current organization uses Cloud Manager displays the Alerts iconButton" name="packages/mongo-nav/src/project-nav when the current organization uses Cloud Manager displays the Alerts iconButton" time="0.056">
    </testcase>
    <testcase classname="packages/mongo-nav/src/project-nav when the current organization uses Cloud Manager displays the Activity Feed iconButton" name="packages/mongo-nav/src/project-nav when the current organization uses Cloud Manager displays the Activity Feed iconButton" time="0.035">
    </testcase>
    <testcase classname="packages/mongo-nav/src/project-nav when the current organization uses Cloud Manager displays the Invite iconButton" name="packages/mongo-nav/src/project-nav when the current organization uses Cloud Manager displays the Invite iconButton" time="0.04">
    </testcase>
    <testcase classname="packages/mongo-nav/src/project-nav when the environment is &quot;government&quot; Atlas is the only product tab displayed" name="packages/mongo-nav/src/project-nav when the environment is &quot;government&quot; Atlas is the only product tab displayed" time="0.088">
    </testcase>
    <testcase classname="packages/mongo-nav/src/project-nav alerts polling behavior when it should poll calls fetch with correct arguments" name="packages/mongo-nav/src/project-nav alerts polling behavior when it should poll calls fetch with correct arguments" time="0.03">
    </testcase>
    <testcase classname="packages/mongo-nav/src/project-nav alerts polling behavior when it should poll displays expected alerts badge" name="packages/mongo-nav/src/project-nav alerts polling behavior when it should poll displays expected alerts badge" time="0.029">
    </testcase>
    <testcase classname="packages/mongo-nav/src/project-nav alerts polling behavior when in dev mode does not call fetch" name="packages/mongo-nav/src/project-nav alerts polling behavior when in dev mode does not call fetch" time="0.018">
    </testcase>
    <testcase classname="packages/mongo-nav/src/project-nav alerts polling behavior when in dev mode displays value from currentProject" name="packages/mongo-nav/src/project-nav alerts polling behavior when in dev mode displays value from currentProject" time="0.016">
    </testcase>
    <testcase classname="packages/mongo-nav/src/project-nav when rendered without a current project atlas tab shows the correct link" name="packages/mongo-nav/src/project-nav when rendered without a current project atlas tab shows the correct link" time="0.018">
    </testcase>
    <testcase classname="packages/mongo-nav/src/project-nav when admin is set to true displays the project status badge in the nav" name="packages/mongo-nav/src/project-nav when admin is set to true displays the project status badge in the nav" time="0.048">
    </testcase>
  </testsuite>
  <testsuite name="packages/stepper" errors="0" failures="0" skipped="0" timestamp="2020-07-29T17:37:58" time="2.199" tests="2">
    <testcase classname="packages/stepper renders steps with correct current step" name="packages/stepper renders steps with correct current step" time="0.345">
    </testcase>
    <testcase classname="packages/stepper does not show hidden steps" name="packages/stepper does not show hidden steps" time="0.93">
    </testcase>
  </testsuite>
  <testsuite name="packages/mongo-nav/user-menu" errors="0" failures="0" skipped="0" timestamp="2020-07-29T17:38:00" time="1.628" tests="12">
    <testcase classname="packages/mongo-nav/user-menu by default, renders closed UserMenu with users name in button" name="packages/mongo-nav/user-menu by default, renders closed UserMenu with users name in button" time="0.051">
    </testcase>
    <testcase classname="packages/mongo-nav/user-menu when &quot;activePlatform&quot; is set to &quot;cloud, renders Cloud MenuItems" name="packages/mongo-nav/user-menu when &quot;activePlatform&quot; is set to &quot;cloud, renders Cloud MenuItems" time="0.244">
    </testcase>
    <testcase classname="packages/mongo-nav/user-menu renders university MenuItems when university dropdown is clicked and closes other SubMenus" name="packages/mongo-nav/user-menu renders university MenuItems when university dropdown is clicked and closes other SubMenus" time="0.321">
    </testcase>
    <testcase classname="packages/mongo-nav/user-menu atlas MenuItem links to cloud.mongodb.com" name="packages/mongo-nav/user-menu atlas MenuItem links to cloud.mongodb.com" time="0.044">
    </testcase>
    <testcase classname="packages/mongo-nav/user-menu university MenuItem links to university.mongodb.com" name="packages/mongo-nav/user-menu university MenuItem links to university.mongodb.com" time="0.043">
    </testcase>
    <testcase classname="packages/mongo-nav/user-menu support MenuItem links to support.mongodb.com" name="packages/mongo-nav/user-menu support MenuItem links to support.mongodb.com" time="0.054">
    </testcase>
    <testcase classname="packages/mongo-nav/user-menu onLogout fires when logout is clicked" name="packages/mongo-nav/user-menu onLogout fires when logout is clicked" time="0.064">
    </testcase>
    <testcase classname="packages/mongo-nav/user-menu renders the account link as a disabled button when set to the empty string" name="packages/mongo-nav/user-menu renders the account link as a disabled button when set to the empty string" time="0.051">
    </testcase>
    <testcase classname="packages/mongo-nav/user-menu does not render atlas MenuItems when a non-cloud product is active" name="packages/mongo-nav/user-menu does not render atlas MenuItems when a non-cloud product is active" time="0.042">
    </testcase>
    <testcase classname="packages/mongo-nav/user-menu renders appropriate links to SubMenu Items based on overrides prop renders particular url override, when the urls prop is set" name="packages/mongo-nav/user-menu renders appropriate links to SubMenu Items based on overrides prop renders particular url override, when the urls prop is set" time="0.04">
    </testcase>
    <testcase classname="packages/mongo-nav/user-menu when the environment is set to &quot;government&quot; it renders &quot;Cloud for Government&quot; as the title of Cloud SubMenu" name="packages/mongo-nav/user-menu when the environment is set to &quot;government&quot; it renders &quot;Cloud for Government&quot; as the title of Cloud SubMenu" time="0.044">
    </testcase>
    <testcase classname="packages/mongo-nav/user-menu when the environment is set to &quot;government&quot; it renders &quot;cloud.mongodbgov.com&quot; as description for Cloud SubMenu" name="packages/mongo-nav/user-menu when the environment is set to &quot;government&quot; it renders &quot;cloud.mongodbgov.com&quot; as description for Cloud SubMenu" time="0.043">
    </testcase>
  </testsuite>
  <testsuite name="processToken()" errors="0" failures="0" skipped="0" timestamp="2020-07-29T17:38:02" time="0.697" tests="14">
    <testcase classname="processToken() when passed `null`, it retuns `null`" name="processToken() when passed `null`, it retuns `null`" time="0.002">
    </testcase>
    <testcase classname="processToken() when passed undefined, it retuns `null`" name="processToken() when passed undefined, it retuns `null`" time="0.001">
    </testcase>
    <testcase classname="processToken() when passed an Array, it returns an Array" name="processToken() when passed an Array, it returns an Array" time="0.002">
    </testcase>
    <testcase classname="processToken() when passed an object, it returns a React element" name="processToken() when passed an object, it returns a React element" time="0.001">
    </testcase>
    <testcase classname="processToken() when passed a string, it returns astring" name="processToken() when passed a string, it returns astring" time="0.001">
    </testcase>
    <testcase classname="processToken() when processToken is passed an argument that&apos;s not explicitly supported, it returns that value" name="processToken() when processToken is passed an argument that&apos;s not explicitly supported, it returns that value" time="0.001">
    </testcase>
    <testcase classname="LineTableRow renders a single table row as the root node" name="LineTableRow renders a single table row as the root node" time="0.025">
    </testcase>
    <testcase classname="LineTableRow renders two table cells" name="LineTableRow renders two table cells" time="0.035">
    </testcase>
    <testcase classname="LineTableRow renders the line number (1) in the first cell" name="LineTableRow renders the line number (1) in the first cell" time="0.025">
    </testcase>
    <testcase classname="LineTableRow renders &apos;hello&apos; in the second cell" name="LineTableRow renders &apos;hello&apos; in the second cell" time="0.022">
    </testcase>
    <testcase classname="treeToLines() when passed a valid set of children, returns a valid Array" name="treeToLines() when passed a valid set of children, returns a valid Array" time="0.003">
    </testcase>
    <testcase classname="treeToLines() when passed an invalid set of children, returns a valid Array" name="treeToLines() when passed an invalid set of children, returns a valid Array" time="0.003">
    </testcase>
    <testcase classname="treeToLines() strips empty line breaks from beginning of result" name="treeToLines() strips empty line breaks from beginning of result" time="0">
    </testcase>
    <testcase classname="treeToLines() strips empty line breaks from end of result" name="treeToLines() strips empty line breaks from end of result" time="0">
    </testcase>
  </testsuite>
  <testsuite name="packages/Portal" errors="0" failures="0" skipped="0" timestamp="2020-07-29T17:38:03" time="0.666" tests="7">
    <testcase classname="packages/Portal appends portal content to document body" name="packages/Portal appends portal content to document body" time="0.026">
    </testcase>
    <testcase classname="packages/Portal appends portal content to custom container" name="packages/Portal appends portal content to custom container" time="0.011">
    </testcase>
    <testcase classname="packages/Portal portal forwards className to default container" name="packages/Portal portal forwards className to default container" time="0.004">
    </testcase>
    <testcase classname="packages/Portal container and className props cannot both be provided" name="packages/Portal container and className props cannot both be provided" time="0.001">
    </testcase>
    <testcase classname="packages/Portal does not move Portaled content and logs an error to the console when the container props is changed" name="packages/Portal does not move Portaled content and logs an error to the console when the container props is changed" time="0.009">
    </testcase>
    <testcase classname="packages/Portal removes portal content from custom container" name="packages/Portal removes portal content from custom container" time="0.002">
    </testcase>
    <testcase classname="packages/Portal cleans up default container" name="packages/Portal cleans up default container" time="0.003">
    </testcase>
  </testsuite>
  <testsuite name="packages/mongo-select/ProjectSelect" errors="0" failures="0" skipped="1" timestamp="2020-07-29T17:38:03" time="1.289" tests="11">
    <testcase classname="packages/mongo-select/ProjectSelect ProjectSelect when rendered with default props displays the project select trigger with the current project name" name="packages/mongo-select/ProjectSelect ProjectSelect when rendered with default props displays the project select trigger with the current project name" time="0.052">
    </testcase>
    <testcase classname="packages/mongo-select/ProjectSelect ProjectSelect when rendered with default props when clicking the current project trigger displays a placeholder without an existing value" name="packages/mongo-select/ProjectSelect ProjectSelect when rendered with default props when clicking the current project trigger displays a placeholder without an existing value" time="0.119">
    </testcase>
    <testcase classname="packages/mongo-select/ProjectSelect ProjectSelect when rendered with default props when clicking the current project trigger displays two projects" name="packages/mongo-select/ProjectSelect ProjectSelect when rendered with default props when clicking the current project trigger displays two projects" time="0.04">
    </testcase>
    <testcase classname="packages/mongo-select/ProjectSelect ProjectSelect when rendered with default props when clicking the current project trigger displays the correct names of each project" name="packages/mongo-select/ProjectSelect ProjectSelect when rendered with default props when clicking the current project trigger displays the correct names of each project" time="0.039">
    </testcase>
    <testcase classname="packages/mongo-select/ProjectSelect ProjectSelect when rendered with default props when clicking the current project trigger displays the correct link to projects of each result" name="packages/mongo-select/ProjectSelect ProjectSelect when rendered with default props when clicking the current project trigger displays the correct link to projects of each result" time="0.027">
    </testcase>
    <testcase classname="packages/mongo-select/ProjectSelect ProjectSelect when rendered with default props when clicking the current project trigger indicates the current project" name="packages/mongo-select/ProjectSelect ProjectSelect when rendered with default props when clicking the current project trigger indicates the current project" time="0.031">
    </testcase>
    <testcase classname="packages/mongo-select/ProjectSelect ProjectSelect when a user filters projects displays one project when only one matches the search" name="packages/mongo-select/ProjectSelect ProjectSelect when a user filters projects displays one project when only one matches the search" time="0.043">
    </testcase>
    <testcase classname="packages/mongo-select/ProjectSelect ProjectSelect when a user filters projects displays no projects when none matches the search" name="packages/mongo-select/ProjectSelect ProjectSelect when a user filters projects displays no projects when none matches the search" time="0.05">
    </testcase>
    <testcase classname="packages/mongo-select/ProjectSelect ProjectSelect when a user filters projects when closing the menu the filter value is reset" name="packages/mongo-select/ProjectSelect ProjectSelect when a user filters projects when closing the menu the filter value is reset" time="0.225">
    </testcase>
    <testcase classname="packages/mongo-select/ProjectSelect ProjectSelect when the onChange prop is set it does not filter the projects and calls the onChange callback" name="packages/mongo-select/ProjectSelect ProjectSelect when the onChange prop is set it does not filter the projects and calls the onChange callback" time="0.04">
    </testcase>
    <testcase classname="packages/mongo-select/ProjectSelect types work as expected does not error when only ProjectSelect values are passed to url prop" name="packages/mongo-select/ProjectSelect types work as expected does not error when only ProjectSelect values are passed to url prop" time="0">
      <skipped/>
    </testcase>
  </testsuite>
  <testsuite name="packages/RadioBox" errors="0" failures="0" skipped="0" timestamp="2020-07-29T17:38:05" time="0.809" tests="10">
    <testcase classname="packages/RadioBox renders &quot;test-radio-box-class&quot; in RadioBox&apos;s classList" name="packages/RadioBox renders &quot;test-radio-box-class&quot; in RadioBox&apos;s classList" time="0.006">
    </testcase>
    <testcase classname="packages/RadioBox renders as checked, when the checked prop is set" name="packages/RadioBox renders as checked, when the checked prop is set" time="0">
    </testcase>
    <testcase classname="packages/RadioBox renders as disabled, when the disabled prop is set" name="packages/RadioBox renders as disabled, when the disabled prop is set" time="0.014">
    </testcase>
    <testcase classname="packages/RadioBoxGroup renders children of Radio Box Group, that are not themselves Radio Boxes, as is, without converting them to RadioBoxes" name="packages/RadioBoxGroup renders children of Radio Box Group, that are not themselves Radio Boxes, as is, without converting them to RadioBoxes" time="0.001">
    </testcase>
    <testcase classname="packages/RadioBoxGroup when controlled initial value set by radio box group when prop provided" name="packages/RadioBoxGroup when controlled initial value set by radio box group when prop provided" time="0">
    </testcase>
    <testcase classname="packages/RadioBoxGroup when controlled onChange fires once when the label is clicked" name="packages/RadioBoxGroup when controlled onChange fires once when the label is clicked" time="0.001">
    </testcase>
    <testcase classname="packages/RadioBoxGroup when controlled radio input does not become checked when clicked" name="packages/RadioBoxGroup when controlled radio input does not become checked when clicked" time="0">
    </testcase>
    <testcase classname="packages/RadioBoxGroup when uncontrolled onChange fires once when the label is clicked" name="packages/RadioBoxGroup when uncontrolled onChange fires once when the label is clicked" time="0.001">
    </testcase>
    <testcase classname="packages/RadioBoxGroup when uncontrolled radio box becomes checked when clicked" name="packages/RadioBoxGroup when uncontrolled radio box becomes checked when clicked" time="0">
    </testcase>
    <testcase classname="packages/RadioBoxGroup when uncontrolled and the default prop is set radio box is checked when default prop is set" name="packages/RadioBoxGroup when uncontrolled and the default prop is set radio box is checked when default prop is set" time="0.001">
    </testcase>
  </testsuite>
  <testsuite name="packages/text-input" errors="0" failures="0" skipped="1" timestamp="2020-07-29T17:38:06" time="0.818" tests="14">
    <testcase classname="packages/text-input renders Test Input Label as the input label and This is the description as the description" name="packages/text-input renders Test Input Label as the input label and This is the description as the description" time="0.032">
    </testcase>
    <testcase classname="packages/text-input renders This is some placeholder text as placeholder text" name="packages/text-input renders This is some placeholder text as placeholder text" time="0.036">
    </testcase>
    <testcase classname="packages/text-input renders test-text-input-class in the classList" name="packages/text-input renders test-text-input-class in the classList" time="0.004">
    </testcase>
    <testcase classname="packages/text-input renders &quot;optional&quot; text when the prop is set to true" name="packages/text-input renders &quot;optional&quot; text when the prop is set to true" time="0.025">
    </testcase>
    <testcase classname="packages/text-input renders type as &quot;text&quot; by default" name="packages/text-input renders type as &quot;text&quot; by default" time="0.005">
    </testcase>
    <testcase classname="packages/text-input renders type as &quot;password&quot; when the prop is set" name="packages/text-input renders type as &quot;password&quot; when the prop is set" time="0.003">
    </testcase>
    <testcase classname="packages/text-input does not render &quot;optional&quot; text when the prop is set to false " name="packages/text-input does not render &quot;optional&quot; text when the prop is set to false " time="0.004">
    </testcase>
    <testcase classname="packages/text-input when the &quot;state&quot; is &quot;valid&quot; displays checkmark icon when input is valid" name="packages/text-input when the &quot;state&quot; is &quot;valid&quot; displays checkmark icon when input is valid" time="0.014">
    </testcase>
    <testcase classname="packages/text-input when the &quot;state&quot; is &quot;error&quot; displays warning icon when input is invalid" name="packages/text-input when the &quot;state&quot; is &quot;error&quot; displays warning icon when input is invalid" time="0.007">
    </testcase>
    <testcase classname="packages/text-input when the &quot;state&quot; is &quot;error&quot; displays error message when input is invalid" name="packages/text-input when the &quot;state&quot; is &quot;error&quot; displays error message when input is invalid" time="0.004">
    </testcase>
    <testcase classname="packages/text-input when the &quot;state&quot; is &quot;none&quot; valid/error icons are not present" name="packages/text-input when the &quot;state&quot; is &quot;none&quot; valid/error icons are not present" time="0.004">
    </testcase>
    <testcase classname="packages/text-input when the &quot;state&quot; is &quot;none&quot; key presses are reflected in component and onChange function is called when value changes" name="packages/text-input when the &quot;state&quot; is &quot;none&quot; key presses are reflected in component and onChange function is called when value changes" time="0.012">
    </testcase>
    <testcase classname="packages/text-input when no label is supplied no label tag renders to the DOM" name="packages/text-input when no label is supplied no label tag renders to the DOM" time="0.006">
    </testcase>
    <testcase classname="packages/text-input types behave as expected TextInput throws error when neither aria-labelledby or label is supplied" name="packages/text-input types behave as expected TextInput throws error when neither aria-labelledby or label is supplied" time="0">
      <skipped/>
    </testcase>
  </testsuite>
  <testsuite name="packages/tab" errors="0" failures="0" skipped="0" timestamp="2020-07-29T17:38:06" time="0.864" tests="14">
    <testcase classname="packages/tab clicking a tab fires setSelected callback" name="packages/tab clicking a tab fires setSelected callback" time="0.046">
    </testcase>
    <testcase classname="packages/tab renders &quot;tabs-class-name&quot; in the Tabs componenet&apos;s classList" name="packages/tab renders &quot;tabs-class-name&quot; in the Tabs componenet&apos;s classList" time="0.013">
    </testcase>
    <testcase classname="packages/tab renders component inside of a React Element/HTML tag based on as prop" name="packages/tab renders component inside of a React Element/HTML tag based on as prop" time="0.008">
    </testcase>
    <testcase classname="packages/tab renders correct number of elements in the tablist" name="packages/tab renders correct number of elements in the tablist" time="0.008">
    </testcase>
    <testcase classname="packages/tab renders only one tabpanel at a time" name="packages/tab renders only one tabpanel at a time" time="0.008">
    </testcase>
    <testcase classname="packages/tab when the component is controlled selected tab is active on first render" name="packages/tab when the component is controlled selected tab is active on first render" time="0.022">
    </testcase>
    <testcase classname="packages/tab when the component is controlled clicking a tab does not change the active tab" name="packages/tab when the component is controlled clicking a tab does not change the active tab" time="0.009">
    </testcase>
    <testcase classname="packages/tab when the component is controlled keyboard nav is not supported" name="packages/tab when the component is controlled keyboard nav is not supported" time="0.019">
    </testcase>
    <testcase classname="packages/tab when the component is uncontrolled default tab is active on first render" name="packages/tab when the component is uncontrolled default tab is active on first render" time="0.008">
    </testcase>
    <testcase classname="packages/tab when the component is uncontrolled clicking a tab changes the active tab" name="packages/tab when the component is uncontrolled clicking a tab changes the active tab" time="0.017">
    </testcase>
    <testcase classname="packages/tab when the component is uncontrolled keyboard nav is supported" name="packages/tab when the component is uncontrolled keyboard nav is supported" time="0.022">
    </testcase>
    <testcase classname="packages/tab when the component is uncontrolled keyboard nav skips tab if tab is disabled" name="packages/tab when the component is uncontrolled keyboard nav skips tab if tab is disabled" time="0.02">
    </testcase>
    <testcase classname="packages/tab when the component is uncontrolled keyboard nav does not work if modifier key is also pressed" name="packages/tab when the component is uncontrolled keyboard nav does not work if modifier key is also pressed" time="0.016">
    </testcase>
    <testcase classname="packages/tabs/tab tab renders as disabled when the prop is set" name="packages/tabs/tab tab renders as disabled when the prop is set" time="0.004">
    </testcase>
  </testsuite>
  <testsuite name="packages/Icon/glyphs/" errors="0" failures="0" skipped="0" timestamp="2020-07-29T17:38:07" time="0.924" tests="69">
    <testcase classname="packages/Icon/glyphs/ exported glyphs match files in glyphs directory" name="packages/Icon/glyphs/ exported glyphs match files in glyphs directory" time="0.013">
    </testcase>
    <testcase classname="packages/Icon/glyphs/ ActivityFeed.svg all fills used in SVG files are &quot;none&quot;, &quot;#000&quot;, or &quot;#000000&quot;" name="packages/Icon/glyphs/ ActivityFeed.svg all fills used in SVG files are &quot;none&quot;, &quot;#000&quot;, or &quot;#000000&quot;" time="0.001">
    </testcase>
    <testcase classname="packages/Icon/glyphs/ ArrowDown.svg all fills used in SVG files are &quot;none&quot;, &quot;#000&quot;, or &quot;#000000&quot;" name="packages/Icon/glyphs/ ArrowDown.svg all fills used in SVG files are &quot;none&quot;, &quot;#000&quot;, or &quot;#000000&quot;" time="0.001">
    </testcase>
    <testcase classname="packages/Icon/glyphs/ ArrowLeft.svg all fills used in SVG files are &quot;none&quot;, &quot;#000&quot;, or &quot;#000000&quot;" name="packages/Icon/glyphs/ ArrowLeft.svg all fills used in SVG files are &quot;none&quot;, &quot;#000&quot;, or &quot;#000000&quot;" time="0">
    </testcase>
    <testcase classname="packages/Icon/glyphs/ ArrowRight.svg all fills used in SVG files are &quot;none&quot;, &quot;#000&quot;, or &quot;#000000&quot;" name="packages/Icon/glyphs/ ArrowRight.svg all fills used in SVG files are &quot;none&quot;, &quot;#000&quot;, or &quot;#000000&quot;" time="0.001">
    </testcase>
    <testcase classname="packages/Icon/glyphs/ ArrowUp.svg all fills used in SVG files are &quot;none&quot;, &quot;#000&quot;, or &quot;#000000&quot;" name="packages/Icon/glyphs/ ArrowUp.svg all fills used in SVG files are &quot;none&quot;, &quot;#000&quot;, or &quot;#000000&quot;" time="0">
    </testcase>
    <testcase classname="packages/Icon/glyphs/ Bell.svg all fills used in SVG files are &quot;none&quot;, &quot;#000&quot;, or &quot;#000000&quot;" name="packages/Icon/glyphs/ Bell.svg all fills used in SVG files are &quot;none&quot;, &quot;#000&quot;, or &quot;#000000&quot;" time="0.001">
    </testcase>
    <testcase classname="packages/Icon/glyphs/ Building.svg all fills used in SVG files are &quot;none&quot;, &quot;#000&quot;, or &quot;#000000&quot;" name="packages/Icon/glyphs/ Building.svg all fills used in SVG files are &quot;none&quot;, &quot;#000&quot;, or &quot;#000000&quot;" time="0.001">
    </testcase>
    <testcase classname="packages/Icon/glyphs/ Bulb.svg all fills used in SVG files are &quot;none&quot;, &quot;#000&quot;, or &quot;#000000&quot;" name="packages/Icon/glyphs/ Bulb.svg all fills used in SVG files are &quot;none&quot;, &quot;#000&quot;, or &quot;#000000&quot;" time="0.001">
    </testcase>
    <testcase classname="packages/Icon/glyphs/ CaretDown.svg all fills used in SVG files are &quot;none&quot;, &quot;#000&quot;, or &quot;#000000&quot;" name="packages/Icon/glyphs/ CaretDown.svg all fills used in SVG files are &quot;none&quot;, &quot;#000&quot;, or &quot;#000000&quot;" time="0.001">
    </testcase>
    <testcase classname="packages/Icon/glyphs/ CaretLeft.svg all fills used in SVG files are &quot;none&quot;, &quot;#000&quot;, or &quot;#000000&quot;" name="packages/Icon/glyphs/ CaretLeft.svg all fills used in SVG files are &quot;none&quot;, &quot;#000&quot;, or &quot;#000000&quot;" time="0">
    </testcase>
    <testcase classname="packages/Icon/glyphs/ CaretRight.svg all fills used in SVG files are &quot;none&quot;, &quot;#000&quot;, or &quot;#000000&quot;" name="packages/Icon/glyphs/ CaretRight.svg all fills used in SVG files are &quot;none&quot;, &quot;#000&quot;, or &quot;#000000&quot;" time="0">
    </testcase>
    <testcase classname="packages/Icon/glyphs/ CaretUp.svg all fills used in SVG files are &quot;none&quot;, &quot;#000&quot;, or &quot;#000000&quot;" name="packages/Icon/glyphs/ CaretUp.svg all fills used in SVG files are &quot;none&quot;, &quot;#000&quot;, or &quot;#000000&quot;" time="0.001">
    </testcase>
    <testcase classname="packages/Icon/glyphs/ Charts.svg all fills used in SVG files are &quot;none&quot;, &quot;#000&quot;, or &quot;#000000&quot;" name="packages/Icon/glyphs/ Charts.svg all fills used in SVG files are &quot;none&quot;, &quot;#000&quot;, or &quot;#000000&quot;" time="0">
    </testcase>
    <testcase classname="packages/Icon/glyphs/ Checkmark.svg all fills used in SVG files are &quot;none&quot;, &quot;#000&quot;, or &quot;#000000&quot;" name="packages/Icon/glyphs/ Checkmark.svg all fills used in SVG files are &quot;none&quot;, &quot;#000&quot;, or &quot;#000000&quot;" time="0.001">
    </testcase>
    <testcase classname="packages/Icon/glyphs/ CheckmarkWithCircle.svg all fills used in SVG files are &quot;none&quot;, &quot;#000&quot;, or &quot;#000000&quot;" name="packages/Icon/glyphs/ CheckmarkWithCircle.svg all fills used in SVG files are &quot;none&quot;, &quot;#000&quot;, or &quot;#000000&quot;" time="0">
    </testcase>
    <testcase classname="packages/Icon/glyphs/ ChevronDown.svg all fills used in SVG files are &quot;none&quot;, &quot;#000&quot;, or &quot;#000000&quot;" name="packages/Icon/glyphs/ ChevronDown.svg all fills used in SVG files are &quot;none&quot;, &quot;#000&quot;, or &quot;#000000&quot;" time="0.001">
    </testcase>
    <testcase classname="packages/Icon/glyphs/ ChevronLeft.svg all fills used in SVG files are &quot;none&quot;, &quot;#000&quot;, or &quot;#000000&quot;" name="packages/Icon/glyphs/ ChevronLeft.svg all fills used in SVG files are &quot;none&quot;, &quot;#000&quot;, or &quot;#000000&quot;" time="0">
    </testcase>
    <testcase classname="packages/Icon/glyphs/ ChevronRight.svg all fills used in SVG files are &quot;none&quot;, &quot;#000&quot;, or &quot;#000000&quot;" name="packages/Icon/glyphs/ ChevronRight.svg all fills used in SVG files are &quot;none&quot;, &quot;#000&quot;, or &quot;#000000&quot;" time="0">
    </testcase>
    <testcase classname="packages/Icon/glyphs/ ChevronUp.svg all fills used in SVG files are &quot;none&quot;, &quot;#000&quot;, or &quot;#000000&quot;" name="packages/Icon/glyphs/ ChevronUp.svg all fills used in SVG files are &quot;none&quot;, &quot;#000&quot;, or &quot;#000000&quot;" time="0.001">
    </testcase>
    <testcase classname="packages/Icon/glyphs/ Cloud.svg all fills used in SVG files are &quot;none&quot;, &quot;#000&quot;, or &quot;#000000&quot;" name="packages/Icon/glyphs/ Cloud.svg all fills used in SVG files are &quot;none&quot;, &quot;#000&quot;, or &quot;#000000&quot;" time="0">
    </testcase>
    <testcase classname="packages/Icon/glyphs/ Copy.svg all fills used in SVG files are &quot;none&quot;, &quot;#000&quot;, or &quot;#000000&quot;" name="packages/Icon/glyphs/ Copy.svg all fills used in SVG files are &quot;none&quot;, &quot;#000&quot;, or &quot;#000000&quot;" time="0.001">
    </testcase>
    <testcase classname="packages/Icon/glyphs/ CreditCard.svg all fills used in SVG files are &quot;none&quot;, &quot;#000&quot;, or &quot;#000000&quot;" name="packages/Icon/glyphs/ CreditCard.svg all fills used in SVG files are &quot;none&quot;, &quot;#000&quot;, or &quot;#000000&quot;" time="0.002">
    </testcase>
    <testcase classname="packages/Icon/glyphs/ Edit.svg all fills used in SVG files are &quot;none&quot;, &quot;#000&quot;, or &quot;#000000&quot;" name="packages/Icon/glyphs/ Edit.svg all fills used in SVG files are &quot;none&quot;, &quot;#000&quot;, or &quot;#000000&quot;" time="0.001">
    </testcase>
    <testcase classname="packages/Icon/glyphs/ Ellipsis.svg all fills used in SVG files are &quot;none&quot;, &quot;#000&quot;, or &quot;#000000&quot;" name="packages/Icon/glyphs/ Ellipsis.svg all fills used in SVG files are &quot;none&quot;, &quot;#000&quot;, or &quot;#000000&quot;" time="0">
    </testcase>
    <testcase classname="packages/Icon/glyphs/ Folder.svg all fills used in SVG files are &quot;none&quot;, &quot;#000&quot;, or &quot;#000000&quot;" name="packages/Icon/glyphs/ Folder.svg all fills used in SVG files are &quot;none&quot;, &quot;#000&quot;, or &quot;#000000&quot;" time="0">
    </testcase>
    <testcase classname="packages/Icon/glyphs/ GovernmentBuilding.svg all fills used in SVG files are &quot;none&quot;, &quot;#000&quot;, or &quot;#000000&quot;" name="packages/Icon/glyphs/ GovernmentBuilding.svg all fills used in SVG files are &quot;none&quot;, &quot;#000&quot;, or &quot;#000000&quot;" time="0.001">
    </testcase>
    <testcase classname="packages/Icon/glyphs/ ImportantWithCircle.svg all fills used in SVG files are &quot;none&quot;, &quot;#000&quot;, or &quot;#000000&quot;" name="packages/Icon/glyphs/ ImportantWithCircle.svg all fills used in SVG files are &quot;none&quot;, &quot;#000&quot;, or &quot;#000000&quot;" time="0">
    </testcase>
    <testcase classname="packages/Icon/glyphs/ InfoWithCircle.svg all fills used in SVG files are &quot;none&quot;, &quot;#000&quot;, or &quot;#000000&quot;" name="packages/Icon/glyphs/ InfoWithCircle.svg all fills used in SVG files are &quot;none&quot;, &quot;#000&quot;, or &quot;#000000&quot;" time="0">
    </testcase>
    <testcase classname="packages/Icon/glyphs/ InviteUser.svg all fills used in SVG files are &quot;none&quot;, &quot;#000&quot;, or &quot;#000000&quot;" name="packages/Icon/glyphs/ InviteUser.svg all fills used in SVG files are &quot;none&quot;, &quot;#000&quot;, or &quot;#000000&quot;" time="0">
    </testcase>
    <testcase classname="packages/Icon/glyphs/ Laptop.svg all fills used in SVG files are &quot;none&quot;, &quot;#000&quot;, or &quot;#000000&quot;" name="packages/Icon/glyphs/ Laptop.svg all fills used in SVG files are &quot;none&quot;, &quot;#000&quot;, or &quot;#000000&quot;" time="0">
    </testcase>
    <testcase classname="packages/Icon/glyphs/ Lock.svg all fills used in SVG files are &quot;none&quot;, &quot;#000&quot;, or &quot;#000000&quot;" name="packages/Icon/glyphs/ Lock.svg all fills used in SVG files are &quot;none&quot;, &quot;#000&quot;, or &quot;#000000&quot;" time="0.001">
    </testcase>
    <testcase classname="packages/Icon/glyphs/ MagnifyingGlass.svg all fills used in SVG files are &quot;none&quot;, &quot;#000&quot;, or &quot;#000000&quot;" name="packages/Icon/glyphs/ MagnifyingGlass.svg all fills used in SVG files are &quot;none&quot;, &quot;#000&quot;, or &quot;#000000&quot;" time="0">
    </testcase>
    <testcase classname="packages/Icon/glyphs/ Megaphone.svg all fills used in SVG files are &quot;none&quot;, &quot;#000&quot;, or &quot;#000000&quot;" name="packages/Icon/glyphs/ Megaphone.svg all fills used in SVG files are &quot;none&quot;, &quot;#000&quot;, or &quot;#000000&quot;" time="0">
    </testcase>
    <testcase classname="packages/Icon/glyphs/ Menu.svg all fills used in SVG files are &quot;none&quot;, &quot;#000&quot;, or &quot;#000000&quot;" name="packages/Icon/glyphs/ Menu.svg all fills used in SVG files are &quot;none&quot;, &quot;#000&quot;, or &quot;#000000&quot;" time="0">
    </testcase>
    <testcase classname="packages/Icon/glyphs/ NotAllowed.svg all fills used in SVG files are &quot;none&quot;, &quot;#000&quot;, or &quot;#000000&quot;" name="packages/Icon/glyphs/ NotAllowed.svg all fills used in SVG files are &quot;none&quot;, &quot;#000&quot;, or &quot;#000000&quot;" time="0">
    </testcase>
    <testcase classname="packages/Icon/glyphs/ OpenNewTab.svg all fills used in SVG files are &quot;none&quot;, &quot;#000&quot;, or &quot;#000000&quot;" name="packages/Icon/glyphs/ OpenNewTab.svg all fills used in SVG files are &quot;none&quot;, &quot;#000&quot;, or &quot;#000000&quot;" time="0.001">
    </testcase>
    <testcase classname="packages/Icon/glyphs/ Person.svg all fills used in SVG files are &quot;none&quot;, &quot;#000&quot;, or &quot;#000000&quot;" name="packages/Icon/glyphs/ Person.svg all fills used in SVG files are &quot;none&quot;, &quot;#000&quot;, or &quot;#000000&quot;" time="0">
    </testcase>
    <testcase classname="packages/Icon/glyphs/ PersonWithLock.svg all fills used in SVG files are &quot;none&quot;, &quot;#000&quot;, or &quot;#000000&quot;" name="packages/Icon/glyphs/ PersonWithLock.svg all fills used in SVG files are &quot;none&quot;, &quot;#000&quot;, or &quot;#000000&quot;" time="0.001">
    </testcase>
    <testcase classname="packages/Icon/glyphs/ Plus.svg all fills used in SVG files are &quot;none&quot;, &quot;#000&quot;, or &quot;#000000&quot;" name="packages/Icon/glyphs/ Plus.svg all fills used in SVG files are &quot;none&quot;, &quot;#000&quot;, or &quot;#000000&quot;" time="0">
    </testcase>
    <testcase classname="packages/Icon/glyphs/ PlusWithCircle.svg all fills used in SVG files are &quot;none&quot;, &quot;#000&quot;, or &quot;#000000&quot;" name="packages/Icon/glyphs/ PlusWithCircle.svg all fills used in SVG files are &quot;none&quot;, &quot;#000&quot;, or &quot;#000000&quot;" time="0">
    </testcase>
    <testcase classname="packages/Icon/glyphs/ QuestionMarkWithCircle.svg all fills used in SVG files are &quot;none&quot;, &quot;#000&quot;, or &quot;#000000&quot;" name="packages/Icon/glyphs/ QuestionMarkWithCircle.svg all fills used in SVG files are &quot;none&quot;, &quot;#000&quot;, or &quot;#000000&quot;" time="0.001">
    </testcase>
    <testcase classname="packages/Icon/glyphs/ Refresh.svg all fills used in SVG files are &quot;none&quot;, &quot;#000&quot;, or &quot;#000000&quot;" name="packages/Icon/glyphs/ Refresh.svg all fills used in SVG files are &quot;none&quot;, &quot;#000&quot;, or &quot;#000000&quot;" time="0">
    </testcase>
    <testcase classname="packages/Icon/glyphs/ Save.svg all fills used in SVG files are &quot;none&quot;, &quot;#000&quot;, or &quot;#000000&quot;" name="packages/Icon/glyphs/ Save.svg all fills used in SVG files are &quot;none&quot;, &quot;#000&quot;, or &quot;#000000&quot;" time="0">
    </testcase>
    <testcase classname="packages/Icon/glyphs/ Settings.svg all fills used in SVG files are &quot;none&quot;, &quot;#000&quot;, or &quot;#000000&quot;" name="packages/Icon/glyphs/ Settings.svg all fills used in SVG files are &quot;none&quot;, &quot;#000&quot;, or &quot;#000000&quot;" time="0.001">
    </testcase>
    <testcase classname="packages/Icon/glyphs/ SortAscending.svg all fills used in SVG files are &quot;none&quot;, &quot;#000&quot;, or &quot;#000000&quot;" name="packages/Icon/glyphs/ SortAscending.svg all fills used in SVG files are &quot;none&quot;, &quot;#000&quot;, or &quot;#000000&quot;" time="0">
    </testcase>
    <testcase classname="packages/Icon/glyphs/ SortDescending.svg all fills used in SVG files are &quot;none&quot;, &quot;#000&quot;, or &quot;#000000&quot;" name="packages/Icon/glyphs/ SortDescending.svg all fills used in SVG files are &quot;none&quot;, &quot;#000&quot;, or &quot;#000000&quot;" time="0">
    </testcase>
    <testcase classname="packages/Icon/glyphs/ Stitch.svg all fills used in SVG files are &quot;none&quot;, &quot;#000&quot;, or &quot;#000000&quot;" name="packages/Icon/glyphs/ Stitch.svg all fills used in SVG files are &quot;none&quot;, &quot;#000&quot;, or &quot;#000000&quot;" time="0.001">
    </testcase>
    <testcase classname="packages/Icon/glyphs/ Support.svg all fills used in SVG files are &quot;none&quot;, &quot;#000&quot;, or &quot;#000000&quot;" name="packages/Icon/glyphs/ Support.svg all fills used in SVG files are &quot;none&quot;, &quot;#000&quot;, or &quot;#000000&quot;" time="0">
    </testcase>
    <testcase classname="packages/Icon/glyphs/ Trash.svg all fills used in SVG files are &quot;none&quot;, &quot;#000&quot;, or &quot;#000000&quot;" name="packages/Icon/glyphs/ Trash.svg all fills used in SVG files are &quot;none&quot;, &quot;#000&quot;, or &quot;#000000&quot;" time="0.002">
    </testcase>
    <testcase classname="packages/Icon/glyphs/ University.svg all fills used in SVG files are &quot;none&quot;, &quot;#000&quot;, or &quot;#000000&quot;" name="packages/Icon/glyphs/ University.svg all fills used in SVG files are &quot;none&quot;, &quot;#000&quot;, or &quot;#000000&quot;" time="0.001">
    </testcase>
    <testcase classname="packages/Icon/glyphs/ Unsorted.svg all fills used in SVG files are &quot;none&quot;, &quot;#000&quot;, or &quot;#000000&quot;" name="packages/Icon/glyphs/ Unsorted.svg all fills used in SVG files are &quot;none&quot;, &quot;#000&quot;, or &quot;#000000&quot;" time="0">
    </testcase>
    <testcase classname="packages/Icon/glyphs/ UpDownCarets.svg all fills used in SVG files are &quot;none&quot;, &quot;#000&quot;, or &quot;#000000&quot;" name="packages/Icon/glyphs/ UpDownCarets.svg all fills used in SVG files are &quot;none&quot;, &quot;#000&quot;, or &quot;#000000&quot;" time="0.001">
    </testcase>
    <testcase classname="packages/Icon/glyphs/ VerticalEllipsis.svg all fills used in SVG files are &quot;none&quot;, &quot;#000&quot;, or &quot;#000000&quot;" name="packages/Icon/glyphs/ VerticalEllipsis.svg all fills used in SVG files are &quot;none&quot;, &quot;#000&quot;, or &quot;#000000&quot;" time="0">
    </testcase>
    <testcase classname="packages/Icon/glyphs/ Warning.svg all fills used in SVG files are &quot;none&quot;, &quot;#000&quot;, or &quot;#000000&quot;" name="packages/Icon/glyphs/ Warning.svg all fills used in SVG files are &quot;none&quot;, &quot;#000&quot;, or &quot;#000000&quot;" time="0">
    </testcase>
    <testcase classname="packages/Icon/glyphs/ X.svg all fills used in SVG files are &quot;none&quot;, &quot;#000&quot;, or &quot;#000000&quot;" name="packages/Icon/glyphs/ X.svg all fills used in SVG files are &quot;none&quot;, &quot;#000&quot;, or &quot;#000000&quot;" time="0.001">
    </testcase>
    <testcase classname="packages/Icon/glyphs/ XWithCircle.svg all fills used in SVG files are &quot;none&quot;, &quot;#000&quot;, or &quot;#000000&quot;" name="packages/Icon/glyphs/ XWithCircle.svg all fills used in SVG files are &quot;none&quot;, &quot;#000&quot;, or &quot;#000000&quot;" time="0">
    </testcase>
    <testcase classname="packages/Icon/createGlyphComponent createGlyphComponent() createGlyphComponent returns a function" name="packages/Icon/createGlyphComponent createGlyphComponent() createGlyphComponent returns a function" time="0">
    </testcase>
    <testcase classname="packages/Icon/createGlyphComponent createGlyphComponent() The function returned by createGlyphComponent has the displayName: &quot;MyGlyph&quot;" name="packages/Icon/createGlyphComponent createGlyphComponent() The function returned by createGlyphComponent has the displayName: &quot;MyGlyph&quot;" time="0">
    </testcase>
    <testcase classname="packages/Icon/createGlyphComponent createGlyphComponent() The function returned by createGlyphComponent renders the glyph specified" name="packages/Icon/createGlyphComponent createGlyphComponent() The function returned by createGlyphComponent renders the glyph specified" time="0.001">
    </testcase>
    <testcase classname="packages/Icon/createGlyphComponent getGlyphTitle() When the title is &quot;false&quot;, getGlyphTitle returns &quot;undefined&quot;" name="packages/Icon/createGlyphComponent getGlyphTitle() When the title is &quot;false&quot;, getGlyphTitle returns &quot;undefined&quot;" time="0">
    </testcase>
    <testcase classname="packages/Icon/createGlyphComponent getGlyphTitle() When the title is &quot;undefined&quot;, getGlyphTitle returns &quot;My Custom Glyph Icon&quot;" name="packages/Icon/createGlyphComponent getGlyphTitle() When the title is &quot;undefined&quot;, getGlyphTitle returns &quot;My Custom Glyph Icon&quot;" time="0.001">
    </testcase>
    <testcase classname="packages/Icon/createGlyphComponent getGlyphTitle() When the title is &quot;null&quot;, getGlyphTitle returns &quot;My Custom Glyph Icon&quot;" name="packages/Icon/createGlyphComponent getGlyphTitle() When the title is &quot;null&quot;, getGlyphTitle returns &quot;My Custom Glyph Icon&quot;" time="0">
    </testcase>
    <testcase classname="packages/Icon/createGlyphComponent getGlyphTitle() When the title is &quot;true&quot;, getGlyphTitle returns &quot;My Custom Glyph Icon&quot;" name="packages/Icon/createGlyphComponent getGlyphTitle() When the title is &quot;true&quot;, getGlyphTitle returns &quot;My Custom Glyph Icon&quot;" time="0">
    </testcase>
    <testcase classname="packages/Icon/createGlyphComponent getGlyphTitle() When the title is the string &quot;This is a test&quot;, getGlyphTitle returns &quot;This is a test&quot;" name="packages/Icon/createGlyphComponent getGlyphTitle() When the title is the string &quot;This is a test&quot;, getGlyphTitle returns &quot;This is a test&quot;" time="0">
    </testcase>
    <testcase classname="packages/Icon/createIconComponent createIconComponent returns a function" name="packages/Icon/createIconComponent createIconComponent returns a function" time="0.001">
    </testcase>
    <testcase classname="packages/Icon/createIconComponent The function returned by createIconComponent has the displayName: &quot;Icon&quot;" name="packages/Icon/createIconComponent The function returned by createIconComponent has the displayName: &quot;Icon&quot;" time="0">
    </testcase>
    <testcase classname="packages/Icon/createIconComponent The function returned by createIconComponent renders the glyph specified" name="packages/Icon/createIconComponent The function returned by createIconComponent renders the glyph specified" time="0">
    </testcase>
    <testcase classname="Generated glyphs Edit icon has displayName: &quot;Edit&quot;" name="Generated glyphs Edit icon has displayName: &quot;Edit&quot;" time="0.001">
    </testcase>
  </testsuite>
  <testsuite name="packages/menu" errors="0" failures="0" skipped="0" timestamp="2020-07-29T17:38:08" time="1.23" tests="14">
    <testcase classname="packages/menu menu appears on DOM when the &quot;open&quot; prop is set" name="packages/menu menu appears on DOM when the &quot;open&quot; prop is set" time="0.059">
    </testcase>
    <testcase classname="packages/menu renders children to the DOM" name="packages/menu renders children to the DOM" time="0.014">
    </testcase>
    <testcase classname="packages/menu when uncontrolled and &quot;setOpen&quot; is provided, but &quot;open&quot; prop is not set" name="packages/menu when uncontrolled and &quot;setOpen&quot; is provided, but &quot;open&quot; prop is not set" time="0.122">
    </testcase>
    <testcase classname="packages/menu/menu-item fires onClick callback when clicked" name="packages/menu/menu-item fires onClick callback when clicked" time="0.003">
    </testcase>
    <testcase classname="packages/menu/menu-item renders &quot;menu-item-class-name&quot; in the MenuItem container&apos;s classList" name="packages/menu/menu-item renders &quot;menu-item-class-name&quot; in the MenuItem container&apos;s classList" time="0.003">
    </testcase>
    <testcase classname="packages/menu/menu-item renders MenuItem inside button tag by default" name="packages/menu/menu-item renders MenuItem inside button tag by default" time="0.002">
    </testcase>
    <testcase classname="packages/menu/menu-item renders inside of an `a` instead of a `button` tag, when `href` prop is supplied" name="packages/menu/menu-item renders inside of an `a` instead of a `button` tag, when `href` prop is supplied" time="0.002">
    </testcase>
    <testcase classname="packages/menu/menu-item renders with correct target and rel values when set" name="packages/menu/menu-item renders with correct target and rel values when set" time="0.002">
    </testcase>
    <testcase classname="packages/menu/menu-item renders as `div` tag when the &quot;as&quot; prop is set" name="packages/menu/menu-item renders as `div` tag when the &quot;as&quot; prop is set" time="0.003">
    </testcase>
    <testcase classname="packages/menu/sub-menu renders a SubMenu open by default, when the SubMenu is active" name="packages/menu/sub-menu renders a SubMenu open by default, when the SubMenu is active" time="0.056">
    </testcase>
    <testcase classname="packages/menu/sub-menu when a SubMenu is clicked, it opens and closes the previously opened SubMenu" name="packages/menu/sub-menu when a SubMenu is clicked, it opens and closes the previously opened SubMenu" time="0.093">
    </testcase>
    <testcase classname="packages/menu/sub-menu onClick is fired when SubMenu is clicked" name="packages/menu/sub-menu onClick is fired when SubMenu is clicked" time="0.02">
    </testcase>
    <testcase classname="packages/menu/sub-menu renders as a button by default" name="packages/menu/sub-menu renders as a button by default" time="0.016">
    </testcase>
    <testcase classname="packages/menu/sub-menu renders inside an anchor tag when the href prop is set" name="packages/menu/sub-menu renders inside an anchor tag when the href prop is set" time="0.017">
    </testcase>
  </testsuite>
  <testsuite name="packages/mongo-nav/on-element-click-provider" errors="0" failures="0" skipped="0" timestamp="2020-07-29T17:38:09" time="3.528" tests="26">
    <testcase classname="packages/mongo-nav/on-element-click-provider by default the onElementClick value is successfully passed to the org-nav-leaf" name="packages/mongo-nav/on-element-click-provider by default the onElementClick value is successfully passed to the org-nav-leaf" time="0.358">
    </testcase>
    <testcase classname="packages/mongo-nav/on-element-click-provider by default the onElementClick value is successfully passed to the org-trigger-settings" name="packages/mongo-nav/on-element-click-provider by default the onElementClick value is successfully passed to the org-trigger-settings" time="0.088">
    </testcase>
    <testcase classname="packages/mongo-nav/on-element-click-provider by default the onElementClick value is successfully passed to the org-nav-access-manager-dropdown" name="packages/mongo-nav/on-element-click-provider by default the onElementClick value is successfully passed to the org-nav-access-manager-dropdown" time="0.128">
    </testcase>
    <testcase classname="packages/mongo-nav/on-element-click-provider by default the onElementClick value is successfully passed to the org-nav-support" name="packages/mongo-nav/on-element-click-provider by default the onElementClick value is successfully passed to the org-nav-support" time="0.088">
    </testcase>
    <testcase classname="packages/mongo-nav/on-element-click-provider by default the onElementClick value is successfully passed to the org-nav-billing" name="packages/mongo-nav/on-element-click-provider by default the onElementClick value is successfully passed to the org-nav-billing" time="0.073">
    </testcase>
    <testcase classname="packages/mongo-nav/on-element-click-provider by default the onElementClick value is successfully passed to the org-nav-all-clusters-link" name="packages/mongo-nav/on-element-click-provider by default the onElementClick value is successfully passed to the org-nav-all-clusters-link" time="0.063">
    </testcase>
    <testcase classname="packages/mongo-nav/on-element-click-provider by default the onElementClick value is successfully passed to the project-nav-project-menu" name="packages/mongo-nav/on-element-click-provider by default the onElementClick value is successfully passed to the project-nav-project-menu" time="0.106">
    </testcase>
    <testcase classname="packages/mongo-nav/on-element-click-provider by default the onElementClick value is successfully passed to the project-nav-atlas" name="packages/mongo-nav/on-element-click-provider by default the onElementClick value is successfully passed to the project-nav-atlas" time="0.06">
    </testcase>
    <testcase classname="packages/mongo-nav/on-element-click-provider by default the onElementClick value is successfully passed to the project-nav-realm" name="packages/mongo-nav/on-element-click-provider by default the onElementClick value is successfully passed to the project-nav-realm" time="0.072">
    </testcase>
    <testcase classname="packages/mongo-nav/on-element-click-provider by default the onElementClick value is successfully passed to the project-nav-charts" name="packages/mongo-nav/on-element-click-provider by default the onElementClick value is successfully passed to the project-nav-charts" time="0.062">
    </testcase>
    <testcase classname="packages/mongo-nav/on-element-click-provider by default the onElementClick value is successfully passed to the project-nav-invite" name="packages/mongo-nav/on-element-click-provider by default the onElementClick value is successfully passed to the project-nav-invite" time="0.063">
    </testcase>
    <testcase classname="packages/mongo-nav/on-element-click-provider by default the onElementClick value is successfully passed to the project-nav-activity-feed" name="packages/mongo-nav/on-element-click-provider by default the onElementClick value is successfully passed to the project-nav-activity-feed" time="0.057">
    </testcase>
    <testcase classname="packages/mongo-nav/on-element-click-provider by default the onElementClick value is successfully passed to the project-nav-alerts" name="packages/mongo-nav/on-element-click-provider by default the onElementClick value is successfully passed to the project-nav-alerts" time="0.096">
    </testcase>
    <testcase classname="packages/mongo-nav/on-element-click-provider by default the onElementClick value is successfully passed to the user-menu-trigger" name="packages/mongo-nav/on-element-click-provider by default the onElementClick value is successfully passed to the user-menu-trigger" time="0.535">
    </testcase>
    <testcase classname="packages/mongo-nav/on-element-click-provider when the OrgNav Access Manager dropdown is open the onElementClick value is successfully passed to the org-nav-dropdown-org-access-manager" name="packages/mongo-nav/on-element-click-provider when the OrgNav Access Manager dropdown is open the onElementClick value is successfully passed to the org-nav-dropdown-org-access-manager" time="0.099">
    </testcase>
    <testcase classname="packages/mongo-nav/on-element-click-provider when the OrgNav Access Manager dropdown is open the onElementClick value is successfully passed to the org-nav-dropdown-project-access-manager" name="packages/mongo-nav/on-element-click-provider when the OrgNav Access Manager dropdown is open the onElementClick value is successfully passed to the org-nav-dropdown-project-access-manager" time="0.079">
    </testcase>
    <testcase classname="packages/mongo-nav/on-element-click-provider when the ProjectNav dropdown is open the onElementClick value is successfully passed to the project-nav-settings" name="packages/mongo-nav/on-element-click-provider when the ProjectNav dropdown is open the onElementClick value is successfully passed to the project-nav-settings" time="0.072">
    </testcase>
    <testcase classname="packages/mongo-nav/on-element-click-provider when the ProjectNav dropdown is open the onElementClick value is successfully passed to the project-nav-support" name="packages/mongo-nav/on-element-click-provider when the ProjectNav dropdown is open the onElementClick value is successfully passed to the project-nav-support" time="0.092">
    </testcase>
    <testcase classname="packages/mongo-nav/on-element-click-provider when the ProjectNav dropdown is open the onElementClick value is successfully passed to the project-nav-integrations" name="packages/mongo-nav/on-element-click-provider when the ProjectNav dropdown is open the onElementClick value is successfully passed to the project-nav-integrations" time="0.105">
    </testcase>
    <testcase classname="packages/mongo-nav/on-element-click-provider when the UserMenu is open the onElementClick value is successfully passed to the user-menuitem-feedback" name="packages/mongo-nav/on-element-click-provider when the UserMenu is open the onElementClick value is successfully passed to the user-menuitem-feedback" time="0.084">
    </testcase>
    <testcase classname="packages/mongo-nav/on-element-click-provider when the UserMenu is open the onElementClick value is successfully passed to the user-menuitem-cloud-mfa" name="packages/mongo-nav/on-element-click-provider when the UserMenu is open the onElementClick value is successfully passed to the user-menuitem-cloud-mfa" time="0.097">
    </testcase>
    <testcase classname="packages/mongo-nav/on-element-click-provider when the UserMenu is open the onElementClick value is successfully passed to the user-menuitem-cloud-invitations" name="packages/mongo-nav/on-element-click-provider when the UserMenu is open the onElementClick value is successfully passed to the user-menuitem-cloud-invitations" time="0.102">
    </testcase>
    <testcase classname="packages/mongo-nav/on-element-click-provider when the UserMenu is open the onElementClick value is successfully passed to the user-menuitem-cloud-organizations" name="packages/mongo-nav/on-element-click-provider when the UserMenu is open the onElementClick value is successfully passed to the user-menuitem-cloud-organizations" time="0.09">
    </testcase>
    <testcase classname="packages/mongo-nav/on-element-click-provider when the UserMenu is open the onElementClick value is successfully passed to the user-menuitem-cloud-user-preferences" name="packages/mongo-nav/on-element-click-provider when the UserMenu is open the onElementClick value is successfully passed to the user-menuitem-cloud-user-preferences" time="0.089">
    </testcase>
    <testcase classname="packages/mongo-nav/on-element-click-provider when the UserMenu is open the onElementClick value is successfully passed to the user-menuitem-logout" name="packages/mongo-nav/on-element-click-provider when the UserMenu is open the onElementClick value is successfully passed to the user-menuitem-logout" time="0.078">
    </testcase>
    <testcase classname="NavElement NavElement const only contains unique values" name="NavElement NavElement const only contains unique values" time="0">
    </testcase>
  </testsuite>
  <testsuite name="packages/typography" errors="0" failures="0" skipped="0" timestamp="2020-07-29T17:38:13" time="0.626" tests="10">
    <testcase classname="packages/typography Link when the current host is different from the destination URL host and the &quot;arrowAppearance&quot; prop is set to hover" name="packages/typography Link when the current host is different from the destination URL host and the &quot;arrowAppearance&quot; prop is set to hover" time="0.027">
    </testcase>
    <testcase classname="packages/typography Link when the current host is different from the destination URL host and the &quot;arrowAppearance&quot; prop is not set" name="packages/typography Link when the current host is different from the destination URL host and the &quot;arrowAppearance&quot; prop is not set" time="0.006">
    </testcase>
    <testcase classname="packages/typography Link when the current host is different from the destination URL host and the &quot;hideExternalIcon&quot; prop is set" name="packages/typography Link when the current host is different from the destination URL host and the &quot;hideExternalIcon&quot; prop is set" time="0.004">
    </testcase>
    <testcase classname="packages/typography Link when the current host is the same as the destination URL host by default it renders the correct tag to the DOM" name="packages/typography Link when the current host is the same as the destination URL host by default it renders the correct tag to the DOM" time="0.003">
    </testcase>
    <testcase classname="packages/typography Link when the current host is the same as the destination URL host and the &quot;arrowAppearance&quot; prop is set to &quot;hover&quot;" name="packages/typography Link when the current host is the same as the destination URL host and the &quot;arrowAppearance&quot; prop is set to &quot;hover&quot;" time="0.014">
    </testcase>
    <testcase classname="packages/typography Link when the current host is the same as the destination URL host and the &quot;arrowAppearance&quot; prop is set to &quot;persist&quot;" name="packages/typography Link when the current host is the same as the destination URL host and the &quot;arrowAppearance&quot; prop is set to &quot;persist&quot;" time="0.004">
    </testcase>
    <testcase classname="packages/typography Link when the current host is the same as the destination URL host and the &quot;arrowAppearance&quot; prop is not specified" name="packages/typography Link when the current host is the same as the destination URL host and the &quot;arrowAppearance&quot; prop is not specified" time="0.002">
    </testcase>
    <testcase classname="packages/typography Link when the current host is the same as the destination URL host and the &quot;target&quot; prop is set to &quot;_blank&quot;" name="packages/typography Link when the current host is the same as the destination URL host and the &quot;target&quot; prop is set to &quot;_blank&quot;" time="0.003">
    </testcase>
    <testcase classname="packages/typography when no &quot;href&quot; prop is passed and the &quot;as&quot; prop is not supplied it renders the Link inside of &quot;span&quot; tags" name="packages/typography when no &quot;href&quot; prop is passed and the &quot;as&quot; prop is not supplied it renders the Link inside of &quot;span&quot; tags" time="0.004">
    </testcase>
    <testcase classname="packages/typography when the &quot;as&quot; prop is supplied it renders the correct tag to the DOM" name="packages/typography when the &quot;as&quot; prop is supplied it renders the correct tag to the DOM" time="0.002">
    </testcase>
  </testsuite>
  <testsuite name="packages/leafygreen-provider/UsingKeyboardProvider" errors="0" failures="0" skipped="0" timestamp="2020-07-29T17:38:14" time="0.508" tests="12">
    <testcase classname="packages/leafygreen-provider/UsingKeyboardProvider only renders children in the DOM" name="packages/leafygreen-provider/UsingKeyboardProvider only renders children in the DOM" time="0.024">
    </testcase>
    <testcase classname="packages/leafygreen-provider/UsingKeyboardProvider usingKeyboard is initialized as false" name="packages/leafygreen-provider/UsingKeyboardProvider usingKeyboard is initialized as false" time="0.01">
    </testcase>
    <testcase classname="packages/leafygreen-provider/UsingKeyboardProvider usingKeyboard is true after keydown event with keyCode: &quot;9&quot; fires" name="packages/leafygreen-provider/UsingKeyboardProvider usingKeyboard is true after keydown event with keyCode: &quot;9&quot; fires" time="0.007">
    </testcase>
    <testcase classname="packages/leafygreen-provider/UsingKeyboardProvider usingKeyboard is true after keydown event with keyCode: &quot;37&quot; fires" name="packages/leafygreen-provider/UsingKeyboardProvider usingKeyboard is true after keydown event with keyCode: &quot;37&quot; fires" time="0.004">
    </testcase>
    <testcase classname="packages/leafygreen-provider/UsingKeyboardProvider usingKeyboard is true after keydown event with keyCode: &quot;38&quot; fires" name="packages/leafygreen-provider/UsingKeyboardProvider usingKeyboard is true after keydown event with keyCode: &quot;38&quot; fires" time="0.003">
    </testcase>
    <testcase classname="packages/leafygreen-provider/UsingKeyboardProvider usingKeyboard is true after keydown event with keyCode: &quot;39&quot; fires" name="packages/leafygreen-provider/UsingKeyboardProvider usingKeyboard is true after keydown event with keyCode: &quot;39&quot; fires" time="0.004">
    </testcase>
    <testcase classname="packages/leafygreen-provider/UsingKeyboardProvider usingKeyboard is true after keydown event with keyCode: &quot;40&quot; fires" name="packages/leafygreen-provider/UsingKeyboardProvider usingKeyboard is true after keydown event with keyCode: &quot;40&quot; fires" time="0.003">
    </testcase>
    <testcase classname="packages/leafygreen-provider/UsingKeyboardProvider usingKeyboard is false after mousedown event fires" name="packages/leafygreen-provider/UsingKeyboardProvider usingKeyboard is false after mousedown event fires" time="0.002">
    </testcase>
    <testcase classname="packages/leafygreen-provider/UsingKeyboardProvider when passed true, setUsingKeyboard sets usingKeyboard to true" name="packages/leafygreen-provider/UsingKeyboardProvider when passed true, setUsingKeyboard sets usingKeyboard to true" time="0.008">
    </testcase>
    <testcase classname="useUsingKeyboardContext when child is not a descendent of UsingKeyboardProvider, usingKeyboard is true" name="useUsingKeyboardContext when child is not a descendent of UsingKeyboardProvider, usingKeyboard is true" time="0.002">
    </testcase>
    <testcase classname="useUsingKeyboardContext when child is a descendent of UsingKeyboardProvider before interaction, usingKeyboard is false" name="useUsingKeyboardContext when child is a descendent of UsingKeyboardProvider before interaction, usingKeyboard is false" time="0.003">
    </testcase>
    <testcase classname="useUsingKeyboardContext when child is a descendent of UsingKeyboardProvider after calling setUsingKeyboard passing true, usingKeyboard is true" name="useUsingKeyboardContext when child is a descendent of UsingKeyboardProvider after calling setUsingKeyboard passing true, usingKeyboard is true" time="0.003">
    </testcase>
  </testsuite>
  <testsuite name="packages/RadioGroup" errors="0" failures="0" skipped="0" timestamp="2020-07-29T17:38:14" time="0.612" tests="7">
    <testcase classname="packages/RadioGroup renders &quot;test-radiogroup-class&quot; in the container labels classList" name="packages/RadioGroup renders &quot;test-radiogroup-class&quot; in the container labels classList" time="0.006">
    </testcase>
    <testcase classname="when controlled initial value set by radio group when prop provided" name="when controlled initial value set by radio group when prop provided" time="0">
    </testcase>
    <testcase classname="when controlled onChange fires once when the label is clicked" name="when controlled onChange fires once when the label is clicked" time="0.001">
    </testcase>
    <testcase classname="when controlled radio button does not become checked when clicked" name="when controlled radio button does not become checked when clicked" time="0">
    </testcase>
    <testcase classname="when uncontrolled onChange fires once when the label is clicked" name="when uncontrolled onChange fires once when the label is clicked" time="0">
    </testcase>
    <testcase classname="when uncontrolled radio button becomes checked when clicked" name="when uncontrolled radio button becomes checked when clicked" time="0.001">
    </testcase>
    <testcase classname="when uncontrolled and the default prop is set radio button is checked when default prop is set" name="when uncontrolled and the default prop is set radio button is checked when default prop is set" time="0.001">
    </testcase>
  </testsuite>
  <testsuite name="packages/logo" errors="0" failures="0" skipped="0" timestamp="2020-07-29T17:38:15" time="0.954" tests="11">
    <testcase classname="packages/logo logomark component renders full-color logomark by default" name="packages/logo logomark component renders full-color logomark by default" time="0.025">
    </testcase>
    <testcase classname="packages/logo logomark component renders dark knockout logomark, when variant is set to dark" name="packages/logo logomark component renders dark knockout logomark, when variant is set to dark" time="0.006">
    </testcase>
    <testcase classname="packages/logo logomark component renders light knockout logomark, when variant is set to light" name="packages/logo logomark component renders light knockout logomark, when variant is set to light" time="0.005">
    </testcase>
    <testcase classname="packages/logo logo component renders full-color logomark with dark text by default" name="packages/logo logo component renders full-color logomark with dark text by default" time="0.004">
    </testcase>
    <testcase classname="packages/logo logo component renders full-color logomark with light text when variant is set to light" name="packages/logo logo component renders full-color logomark with light text when variant is set to light" time="0.003">
    </testcase>
    <testcase classname="packages/logo logo component renders dark knockout, when variant and knockout props are set" name="packages/logo logo component renders dark knockout, when variant and knockout props are set" time="0.002">
    </testcase>
    <testcase classname="packages/logo logo component renders light knockout, when variant and knockout props are set" name="packages/logo logo component renders light knockout, when variant and knockout props are set" time="0.003">
    </testcase>
    <testcase classname="packages/logo product logos by default renders monochrome product logo with a height of 18 for the cloudManager logo" name="packages/logo product logos by default renders monochrome product logo with a height of 18 for the cloudManager logo" time="0.009">
    </testcase>
    <testcase classname="packages/logo product logos by default renders monochrome product logo with a height of 18 for the atlas logo" name="packages/logo product logos by default renders monochrome product logo with a height of 18 for the atlas logo" time="0.007">
    </testcase>
    <testcase classname="packages/logo product logos by default renders monochrome product logo with a height of 18 for the realm logo" name="packages/logo product logos by default renders monochrome product logo with a height of 18 for the realm logo" time="0.009">
    </testcase>
    <testcase classname="packages/logo product logos by default renders monochrome product logo with a height of 18 for the charts logo" name="packages/logo product logos by default renders monochrome product logo with a height of 18 for the charts logo" time="0.006">
    </testcase>
  </testsuite>
  <testsuite name="packages/button" errors="0" failures="0" skipped="0" timestamp="2020-07-29T17:38:16" time="0.731" tests="13">
    <testcase classname="packages/button renders &quot;test-button-class&quot; in the button&apos;s classList" name="packages/button renders &quot;test-button-class&quot; in the button&apos;s classList" time="0.027">
    </testcase>
    <testcase classname="packages/button renders &quot;Button child&quot; as the button&apos;s textContent" name="packages/button renders &quot;Button child&quot; as the button&apos;s textContent" time="0.003">
    </testcase>
    <testcase classname="packages/button renders &quot;Test button title&quot; as the button title" name="packages/button renders &quot;Test button title&quot; as the button title" time="0.008">
    </testcase>
    <testcase classname="packages/button fires the onClick handler once when clicked" name="packages/button fires the onClick handler once when clicked" time="0.012">
    </testcase>
    <testcase classname="packages/button renders the disabled and aria-disabled attributes when disabled is set" name="packages/button renders the disabled and aria-disabled attributes when disabled is set" time="0.005">
    </testcase>
    <testcase classname="packages/button renders inside of a button tag by default" name="packages/button renders inside of a button tag by default" time="0.003">
    </testcase>
    <testcase classname="packages/button renders a button with the &quot;button&quot; type by default" name="packages/button renders a button with the &quot;button&quot; type by default" time="0.002">
    </testcase>
    <testcase classname="packages/button renders a button with the given type when one is set" name="packages/button renders a button with the given type when one is set" time="0.003">
    </testcase>
    <testcase classname="packages/button renders component inside of a tag when &quot;href&quot; prop is set" name="packages/button renders component inside of a tag when &quot;href&quot; prop is set" time="0.002">
    </testcase>
    <testcase classname="packages/button renders component inside of button tag when &quot;href&quot; prop is set to null" name="packages/button renders component inside of button tag when &quot;href&quot; prop is set to null" time="0.002">
    </testcase>
    <testcase classname="packages/button does not renders the disabled attributes when disabled is set and it&apos;s an anchor" name="packages/button does not renders the disabled attributes when disabled is set and it&apos;s an anchor" time="0.002">
    </testcase>
    <testcase classname="packages/button renders component inside of a React Element/HTML tag based on as prop" name="packages/button renders component inside of a React Element/HTML tag based on as prop" time="0.002">
    </testcase>
    <testcase classname="packages/button renders a button with an arbitrary element passed in glyph prop" name="packages/button renders a button with an arbitrary element passed in glyph prop" time="0.003">
    </testcase>
  </testsuite>
  <testsuite name="packages/Toggle" errors="0" failures="0" skipped="0" timestamp="2020-07-29T17:38:16" time="0.684" tests="10">
    <testcase classname="packages/Toggle renders &quot;test-toggle-class&quot; in the container label&apos;s classList" name="packages/Toggle renders &quot;test-toggle-class&quot; in the container label&apos;s classList" time="0.037">
    </testcase>
    <testcase classname="packages/Toggle toggle is not checked by default" name="packages/Toggle toggle is not checked by default" time="0.004">
    </testcase>
    <testcase classname="packages/Toggle toggle is checked when checked prop is set" name="packages/Toggle toggle is checked when checked prop is set" time="0.012">
    </testcase>
    <testcase classname="packages/Toggle toggle is disabled when disabled prop is set" name="packages/Toggle toggle is disabled when disabled prop is set" time="0.013">
    </testcase>
    <testcase classname="packages/Toggle when controlled onClick fires once when the label is clicked" name="packages/Toggle when controlled onClick fires once when the label is clicked" time="0.008">
    </testcase>
    <testcase classname="packages/Toggle when controlled onChange fires once when the label is clicked" name="packages/Toggle when controlled onChange fires once when the label is clicked" time="0.005">
    </testcase>
    <testcase classname="packages/Toggle when controlled checkbox does not become checked when clicked" name="packages/Toggle when controlled checkbox does not become checked when clicked" time="0.004">
    </testcase>
    <testcase classname="packages/Toggle when uncontrolled onClick fires once when the label is clicked" name="packages/Toggle when uncontrolled onClick fires once when the label is clicked" time="0.008">
    </testcase>
    <testcase classname="packages/Toggle when uncontrolled onChange fires once when the label is clicked" name="packages/Toggle when uncontrolled onChange fires once when the label is clicked" time="0.005">
    </testcase>
    <testcase classname="packages/Toggle when uncontrolled checkbox becomes checked when clicked" name="packages/Toggle when uncontrolled checkbox becomes checked when clicked" time="0.006">
    </testcase>
  </testsuite>
  <testsuite name="packages/pipeline/Stage" errors="0" failures="0" skipped="0" timestamp="2020-07-29T17:38:17" time="0.623" tests="8">
    <testcase classname="packages/pipeline/Stage renders &quot;test-stage-class&quot; in the stage&apos;s classList" name="packages/pipeline/Stage renders &quot;test-stage-class&quot; in the stage&apos;s classList" time="0.03">
    </testcase>
    <testcase classname="packages/pipeline/Stage renders &quot;$match&quot; as the badge&apos;s textContent" name="packages/pipeline/Stage renders &quot;$match&quot; as the badge&apos;s textContent" time="0.005">
    </testcase>
    <testcase classname="packages/pipeline/Stage renders a &quot;chevron&quot;" name="packages/pipeline/Stage renders a &quot;chevron&quot;" time="0.006">
    </testcase>
    <testcase classname="packages/pipeline/Stage observes the intersection of the provided root element" name="packages/pipeline/Stage observes the intersection of the provided root element" time="0.002">
    </testcase>
    <testcase classname="packages/pipeline/Stage sets the default threshold for the intersection" name="packages/pipeline/Stage sets the default threshold for the intersection" time="0.003">
    </testcase>
    <testcase classname="packages/pipeline/Stage sets the provided threshold for the intersection" name="packages/pipeline/Stage sets the provided threshold for the intersection" time="0.003">
    </testcase>
    <testcase classname="packages/pipeline/Stage when it is NOT intersecting its parent should set the &quot;data-stage-visible&quot; attribute to &quot;false&quot;" name="packages/pipeline/Stage when it is NOT intersecting its parent should set the &quot;data-stage-visible&quot; attribute to &quot;false&quot;" time="0.006">
    </testcase>
    <testcase classname="packages/pipeline/Stage when it is intersecting its parent should set the &quot;data-stage-visible&quot; attribute to &quot;true&quot;" name="packages/pipeline/Stage when it is intersecting its parent should set the &quot;data-stage-visible&quot; attribute to &quot;true&quot;" time="0.003">
    </testcase>
  </testsuite>
  <testsuite name="packages/checkbox" errors="0" failures="0" skipped="0" timestamp="2020-07-29T17:38:18" time="0.683" tests="10">
    <testcase classname="packages/checkbox renders test-classname in the Checkbox label&apos;s classlist" name="packages/checkbox renders test-classname in the Checkbox label&apos;s classlist" time="0.025">
    </testcase>
    <testcase classname="packages/checkbox renders as unchecked by default" name="packages/checkbox renders as unchecked by default" time="0.004">
    </testcase>
    <testcase classname="packages/checkbox renders as checked when the prop is set" name="packages/checkbox renders as checked when the prop is set" time="0.009">
    </testcase>
    <testcase classname="packages/checkbox renders as disabled when the prop is set" name="packages/checkbox renders as disabled when the prop is set" time="0.005">
    </testcase>
    <testcase classname="packages/checkbox when controlled onClick fires once when the label is clicked" name="packages/checkbox when controlled onClick fires once when the label is clicked" time="0.009">
    </testcase>
    <testcase classname="packages/checkbox when controlled onChange fires once when the label is clicked" name="packages/checkbox when controlled onChange fires once when the label is clicked" time="0.004">
    </testcase>
    <testcase classname="packages/checkbox when controlled checkbox does not become checked when clicked" name="packages/checkbox when controlled checkbox does not become checked when clicked" time="0.004">
    </testcase>
    <testcase classname="packages/checkbox when uncontrolled onClick fires once when the label is clicked" name="packages/checkbox when uncontrolled onClick fires once when the label is clicked" time="0.009">
    </testcase>
    <testcase classname="packages/checkbox when uncontrolled onChange fires once when the label is clicked" name="packages/checkbox when uncontrolled onChange fires once when the label is clicked" time="0.006">
    </testcase>
    <testcase classname="packages/checkbox when uncontrolled checkbox becomes checked when clicked" name="packages/checkbox when uncontrolled checkbox becomes checked when clicked" time="0.004">
    </testcase>
  </testsuite>
  <testsuite name="packages/banner" errors="0" failures="0" skipped="0" timestamp="2020-07-29T17:38:18" time="0.776" tests="10">
    <testcase classname="packages/banner by default renders &quot;test-classname&quot; in the badge&apos;s classList" name="packages/banner by default renders &quot;test-classname&quot; in the badge&apos;s classList" time="0.026">
    </testcase>
    <testcase classname="packages/banner by default renders &quot;this is the banner content.&quot; in the badge&apos;s classList" name="packages/banner by default renders &quot;this is the banner content.&quot; in the badge&apos;s classList" time="0.008">
    </testcase>
    <testcase classname="packages/banner by default renders banner with &quot;info&quot; variant by default" name="packages/banner by default renders banner with &quot;info&quot; variant by default" time="0.004">
    </testcase>
    <testcase classname="packages/banner by default does not render the banner as dismissible by default" name="packages/banner by default does not render the banner as dismissible by default" time="0.004">
    </testcase>
    <testcase classname="packages/banner when the &quot;variant&quot; prop is set and the value is &quot;warning&quot;" name="packages/banner when the &quot;variant&quot; prop is set and the value is &quot;warning&quot;" time="0.01">
    </testcase>
    <testcase classname="packages/banner when the &quot;variant&quot; prop is set and the value is &quot;danger&quot;" name="packages/banner when the &quot;variant&quot; prop is set and the value is &quot;danger&quot;" time="0.006">
    </testcase>
    <testcase classname="packages/banner when the &quot;variant&quot; prop is set and the value is &quot;success&quot;" name="packages/banner when the &quot;variant&quot; prop is set and the value is &quot;success&quot;" time="0.006">
    </testcase>
    <testcase classname="packages/banner when the &quot;dismissible&quot; prop is set the X icon is present" name="packages/banner when the &quot;dismissible&quot; prop is set the X icon is present" time="0.006">
    </testcase>
    <testcase classname="packages/banner when the &quot;dismissible&quot; prop is set onClose fires when the dismiss button is clicked" name="packages/banner when the &quot;dismissible&quot; prop is set onClose fires when the dismiss button is clicked" time="0.007">
    </testcase>
    <testcase classname="packages/banner when the &quot;image&quot; prop is set the default icon does not appear" name="packages/banner when the &quot;image&quot; prop is set the default icon does not appear" time="0.004">
    </testcase>
  </testsuite>
  <testsuite name="packages/Syntax" errors="0" failures="0" skipped="0" timestamp="2020-07-29T17:38:19" time="1.559" tests="5">
    <testcase classname="packages/Syntax when multiline is true root element renders as a &lt;pre&gt; tag" name="packages/Syntax when multiline is true root element renders as a &lt;pre&gt; tag" time="0.006">
    </testcase>
    <testcase classname="packages/Syntax when multiline is true renders &quot;test-class&quot; in the root element&apos;s classList" name="packages/Syntax when multiline is true renders &quot;test-class&quot; in the root element&apos;s classList" time="0.001">
    </testcase>
    <testcase classname="packages/Syntax when multiline is false code wrapper element renders as a &lt;div&gt; tag" name="packages/Syntax when multiline is false code wrapper element renders as a &lt;div&gt; tag" time="0.001">
    </testcase>
    <testcase classname="packages/Syntax when multiline is false renders &quot;test-class&quot; in the root element&apos;s classList" name="packages/Syntax when multiline is false renders &quot;test-class&quot; in the root element&apos;s classList" time="0.004">
    </testcase>
    <testcase classname="packages/Syntax when copyable is true onCopy callback is fired when code is copied" name="packages/Syntax when copyable is true onCopy callback is fired when code is copied" time="0.1">
    </testcase>
  </testsuite>
  <testsuite name="packages/modal" errors="0" failures="0" skipped="0" timestamp="2020-07-29T17:38:21" time="0.674" tests="8">
    <testcase classname="packages/modal when the &quot;open&quot; prop is true renders modal to the DOM" name="packages/modal when the &quot;open&quot; prop is true renders modal to the DOM" time="0.046">
    </testcase>
    <testcase classname="packages/modal when the &quot;open&quot; prop is true renders the content as expected" name="packages/modal when the &quot;open&quot; prop is true renders the content as expected" time="0.032">
    </testcase>
    <testcase classname="packages/modal when the &quot;open&quot; prop is true closes modal when escape key is pressed" name="packages/modal when the &quot;open&quot; prop is true closes modal when escape key is pressed" time="0.005">
    </testcase>
    <testcase classname="packages/modal when the &quot;open&quot; prop is true when &quot;shouldClose&quot; prop returns false" name="packages/modal when the &quot;open&quot; prop is true when &quot;shouldClose&quot; prop returns false" time="0.012">
    </testcase>
    <testcase classname="packages/modal when the &quot;open&quot; prop is true when &quot;shouldClose&quot; returns true" name="packages/modal when the &quot;open&quot; prop is true when &quot;shouldClose&quot; returns true" time="0.005">
    </testcase>
    <testcase classname="packages/modal when the &quot;open&quot; prop is true when &quot;closeOnBackdropClick&quot; is false" name="packages/modal when the &quot;open&quot; prop is true when &quot;closeOnBackdropClick&quot; is false" time="0.005">
    </testcase>
    <testcase classname="packages/modal when the &quot;open&quot; prop is true when the &quot;closeOnBackdropClick&quot; is true" name="packages/modal when the &quot;open&quot; prop is true when the &quot;closeOnBackdropClick&quot; is true" time="0.004">
    </testcase>
    <testcase classname="packages/modal when &quot;open&quot; prop is false does not render to the DOM" name="packages/modal when &quot;open&quot; prop is false does not render to the DOM" time="0.001">
    </testcase>
  </testsuite>
  <testsuite name="packages/icon-button" errors="0" failures="0" skipped="0" timestamp="2020-07-29T17:38:21" time="0.559" tests="7">
    <testcase classname="packages/icon-button renders test-icon-button-class in the classList" name="packages/icon-button renders test-icon-button-class in the classList" time="0.025">
    </testcase>
    <testcase classname="packages/icon-button fires the onClick handler when the IconButton is clicked" name="packages/icon-button fires the onClick handler when the IconButton is clicked" time="0.01">
    </testcase>
    <testcase classname="packages/icon-button renders inside a button tag by default" name="packages/icon-button renders inside a button tag by default" time="0.003">
    </testcase>
    <testcase classname="packages/icon-button renders icon as button content" name="packages/icon-button renders icon as button content" time="0.003">
    </testcase>
    <testcase classname="packages/icon-button the rendered icon doesn&apos;t include a title tag" name="packages/icon-button the rendered icon doesn&apos;t include a title tag" time="0.011">
    </testcase>
    <testcase classname="packages/icon-button renders inside an anchor tag when the href prop is set" name="packages/icon-button renders inside an anchor tag when the href prop is set" time="0.003">
    </testcase>
    <testcase classname="packages/icon-button when &apos;My title&apos; is set directly as the title child icon, the rendered icon includes a title tag with the text content, &apos;My title&apos;" name="packages/icon-button when &apos;My title&apos; is set directly as the title child icon, the rendered icon includes a title tag with the text content, &apos;My title&apos;" time="0.003">
    </testcase>
  </testsuite>
  <testsuite name="packages/lib" errors="0" failures="0" skipped="0" timestamp="2020-07-29T17:38:22" time="0.278" tests="3">
    <testcase classname="packages/lib OneOf Basic usage" name="packages/lib OneOf Basic usage" time="0.001">
    </testcase>
    <testcase classname="packages/lib OneOf Overlapping properties" name="packages/lib OneOf Overlapping properties" time="0.001">
    </testcase>
    <testcase classname="packages/lib OneOf Optional properties" name="packages/lib OneOf Optional properties" time="0">
    </testcase>
  </testsuite>
  <testsuite name="packages/popover" errors="0" failures="0" skipped="0" timestamp="2020-07-29T17:38:22" time="0.702" tests="7">
    <testcase classname="packages/popover displays popover when the &quot;active&quot; prop is set" name="packages/popover displays popover when the &quot;active&quot; prop is set" time="0.043">
    </testcase>
    <testcase classname="packages/popover does not display popover when &quot;active&quot; prop is not set" name="packages/popover does not display popover when &quot;active&quot; prop is not set" time="0.016">
    </testcase>
    <testcase classname="packages/popover portals popover content to end of DOM, when &quot;usePortal&quot; is not set" name="packages/popover portals popover content to end of DOM, when &quot;usePortal&quot; is not set" time="0.023">
    </testcase>
    <testcase classname="packages/popover does not portal popover content to end of DOM when &quot;usePortal&quot; is false" name="packages/popover does not portal popover content to end of DOM when &quot;usePortal&quot; is false" time="0.021">
    </testcase>
    <testcase classname="packages/popover applies &quot;portalClassName&quot; to root of portal" name="packages/popover applies &quot;portalClassName&quot; to root of portal" time="0.045">
    </testcase>
    <testcase classname="packages/popover does not allow specifying &quot;portalClassName&quot;, when &quot;usePortal&quot; is false" name="packages/popover does not allow specifying &quot;portalClassName&quot;, when &quot;usePortal&quot; is false" time="0.035">
    </testcase>
    <testcase classname="packages/popover removes Popover instance on unmount" name="packages/popover removes Popover instance on unmount" time="0.02">
    </testcase>
  </testsuite>
  <testsuite name="packages/pipeline/utils/isElementOverflowed" errors="0" failures="0" skipped="0" timestamp="2020-07-29T17:38:23" time="0.358" tests="4">
    <testcase classname="packages/pipeline/utils/isElementOverflowed returns the &quot;true&quot; when the element is overflowed horizontally" name="packages/pipeline/utils/isElementOverflowed returns the &quot;true&quot; when the element is overflowed horizontally" time="0.003">
    </testcase>
    <testcase classname="packages/pipeline/utils/isElementOverflowed returns the &quot;false&quot; when the element is not overflowed horizontally" name="packages/pipeline/utils/isElementOverflowed returns the &quot;false&quot; when the element is not overflowed horizontally" time="0">
    </testcase>
    <testcase classname="packages/pipeline/utils/isElementOverflowed returns the &quot;true&quot; when the element is overflowed vertically" name="packages/pipeline/utils/isElementOverflowed returns the &quot;true&quot; when the element is overflowed vertically" time="0.001">
    </testcase>
    <testcase classname="packages/pipeline/utils/isElementOverflowed returns the &quot;false&quot; when the element is not overflowed vertically" name="packages/pipeline/utils/isElementOverflowed returns the &quot;false&quot; when the element is not overflowed vertically" time="0">
    </testcase>
  </testsuite>
  <testsuite name="packages/callout" errors="0" failures="0" skipped="0" timestamp="2020-07-29T17:38:23" time="0.76" tests="7">
    <testcase classname="packages/callout for variant note renders icon &quot;InfoWithCircle&quot; and label &quot;Note&quot; in header&quot;" name="packages/callout for variant note renders icon &quot;InfoWithCircle&quot; and label &quot;Note&quot; in header&quot;" time="0.061">
    </testcase>
    <testcase classname="packages/callout for variant tip renders icon &quot;Bulb&quot; and label &quot;Tip&quot; in header&quot;" name="packages/callout for variant tip renders icon &quot;Bulb&quot; and label &quot;Tip&quot; in header&quot;" time="0.04">
    </testcase>
    <testcase classname="packages/callout for variant important renders icon &quot;ImportantWithCircle&quot; and label &quot;Important&quot; in header&quot;" name="packages/callout for variant important renders icon &quot;ImportantWithCircle&quot; and label &quot;Important&quot; in header&quot;" time="0.032">
    </testcase>
    <testcase classname="packages/callout for variant warning renders icon &quot;Warning&quot; and label &quot;Warning&quot; in header&quot;" name="packages/callout for variant warning renders icon &quot;Warning&quot; and label &quot;Warning&quot; in header&quot;" time="0.034">
    </testcase>
    <testcase classname="packages/callout renders class name in classList: &quot;test-classname&quot;" name="packages/callout renders class name in classList: &quot;test-classname&quot;" time="0.013">
    </testcase>
    <testcase classname="packages/callout renders contents: &quot;this is the callout content.&quot;" name="packages/callout renders contents: &quot;this is the callout content.&quot;" time="0.015">
    </testcase>
    <testcase classname="packages/callout renders title: &quot;this is the callout title&quot;" name="packages/callout renders title: &quot;this is the callout title&quot;" time="0.013">
    </testcase>
  </testsuite>
  <testsuite name="packages/Syntax" errors="0" failures="0" skipped="0" timestamp="2020-07-29T17:38:24" time="0.648" tests="3">
    <testcase classname="packages/Syntax renders &quot;test-class&quot; in the code element&apos;s classList" name="packages/Syntax renders &quot;test-class&quot; in the code element&apos;s classList" time="0.042">
    </testcase>
    <testcase classname="packages/Syntax doesn&apos;t highlight code when language is &apos;none&apos;" name="packages/Syntax doesn&apos;t highlight code when language is &apos;none&apos;" time="0.006">
    </testcase>
    <testcase classname="packages/Syntax highlights code when language is &apos;javascript&apos;" name="packages/Syntax highlights code when language is &apos;javascript&apos;" time="0.02">
    </testcase>
  </testsuite>
  <testsuite name="packages/pipeline/Pipeline" errors="0" failures="0" skipped="0" timestamp="2020-07-29T17:38:25" time="1.25" tests="2">
    <testcase classname="packages/pipeline/Pipeline renders &quot;test-pipeline-class&quot; in the stage&apos;s classList" name="packages/pipeline/Pipeline renders &quot;test-pipeline-class&quot; in the stage&apos;s classList" time="0.064">
    </testcase>
    <testcase classname="packages/pipeline/Pipeline renders each child as a Stage" name="packages/pipeline/Pipeline renders each child as a Stage" time="0.024">
    </testcase>
  </testsuite>
  <testsuite name="packages/Card" errors="0" failures="0" skipped="0" timestamp="2020-07-29T17:38:26" time="0.524" tests="4">
    <testcase classname="packages/Card renders &quot;card-className&quot; in the cards&apos;s classList" name="packages/Card renders &quot;card-className&quot; in the cards&apos;s classList" time="0.005">
    </testcase>
    <testcase classname="packages/Card renders &quot;this is my card component&quot; as the cards&apos;s textContent" name="packages/Card renders &quot;this is my card component&quot; as the cards&apos;s textContent" time="0">
    </testcase>
    <testcase classname="packages/Card renders inside of a div tag by default" name="packages/Card renders inside of a div tag by default" time="0.001">
    </testcase>
    <testcase classname="packages/Card renders component inside of a React Element/HTML tag based on as prop" name="packages/Card renders component inside of a React Element/HTML tag based on as prop" time="0.005">
    </testcase>
  </testsuite>
  <testsuite name="packages/leafygreen-provider/TypographyContext" errors="0" failures="0" skipped="0" timestamp="2020-07-29T17:38:27" time="0.52" tests="3">
    <testcase classname="packages/leafygreen-provider/TypographyContext without a provider, by default useBaseFontSize returns 14" name="packages/leafygreen-provider/TypographyContext without a provider, by default useBaseFontSize returns 14" time="0.022">
    </testcase>
    <testcase classname="packages/leafygreen-provider/TypographyContext with a provider, by default useBaseFontSize returns 14" name="packages/leafygreen-provider/TypographyContext with a provider, by default useBaseFontSize returns 14" time="0.014">
    </testcase>
    <testcase classname="packages/leafygreen-provider/TypographyContext when baseFontSize prop is set to 16, useBaseFontSize returns 16" name="packages/leafygreen-provider/TypographyContext when baseFontSize prop is set to 16, useBaseFontSize returns 16" time="0.005">
    </testcase>
  </testsuite>
  <testsuite name="packages/radio" errors="0" failures="0" skipped="0" timestamp="2020-07-29T17:38:27" time="0.596" tests="3">
    <testcase classname="packages/radio renders &quot;radio-test-class&quot; in the labels&apos;s class list" name="packages/radio renders &quot;radio-test-class&quot; in the labels&apos;s class list" time="0.024">
    </testcase>
    <testcase classname="packages/radio renders disabled radio when disabled prop is set" name="packages/radio renders disabled radio when disabled prop is set" time="0.007">
    </testcase>
    <testcase classname="packages/radio radio is checked when value is set" name="packages/radio radio is checked when value is set" time="0.006">
    </testcase>
  </testsuite>
  <testsuite name="packages/palette" errors="0" failures="0" skipped="0" timestamp="2020-07-29T17:38:28" time="0.35" tests="2">
    <testcase classname="packages/palette all colors have only expected hues" name="packages/palette all colors have only expected hues" time="0.006">
    </testcase>
    <testcase classname="packages/palette all colors have all required hues" name="packages/palette all colors have all required hues" time="0.002">
    </testcase>
  </testsuite>
  <testsuite name="packages/palette" errors="0" failures="0" skipped="0" timestamp="2020-07-29T17:38:28" time="0.298" tests="2">
    <testcase classname="packages/palette all colors have only expected hues" name="packages/palette all colors have only expected hues" time="0.006">
    </testcase>
    <testcase classname="packages/palette all colors have all required hues" name="packages/palette all colors have all required hues" time="0.003">
    </testcase>
  </testsuite>
  <testsuite name="packages/pipeline/utils/getPipelineCounterTooltip" errors="0" failures="0" skipped="0" timestamp="2020-07-29T17:38:28" time="0.247" tests="4">
    <testcase classname="packages/pipeline/utils/getPipelineCounterTooltip returns the correct tooltip text when given &quot;undefined&quot;" name="packages/pipeline/utils/getPipelineCounterTooltip returns the correct tooltip text when given &quot;undefined&quot;" time="0.002">
    </testcase>
    <testcase classname="packages/pipeline/utils/getPipelineCounterTooltip returns the correct tooltip text when given &quot;null&quot;" name="packages/pipeline/utils/getPipelineCounterTooltip returns the correct tooltip text when given &quot;null&quot;" time="0">
    </testcase>
    <testcase classname="packages/pipeline/utils/getPipelineCounterTooltip returns the correct tooltip text when given a &quot;string&quot;" name="packages/pipeline/utils/getPipelineCounterTooltip returns the correct tooltip text when given a &quot;string&quot;" time="0.001">
    </testcase>
    <testcase classname="packages/pipeline/utils/getPipelineCounterTooltip returns the correct tooltip text when given an &quot;array&quot; of &quot;strings&quot;" name="packages/pipeline/utils/getPipelineCounterTooltip returns the correct tooltip text when given an &quot;array&quot; of &quot;strings&quot;" time="0.001">
    </testcase>
  </testsuite>
  <testsuite name="packages/Badge" errors="0" failures="0" skipped="0" timestamp="2020-07-29T17:38:29" time="0.434" tests="2">
    <testcase classname="packages/Badge renders &quot;test-pill-class&quot; in the badge&apos;s classList" name="packages/Badge renders &quot;test-pill-class&quot; in the badge&apos;s classList" time="0.005">
    </testcase>
    <testcase classname="packages/Badge renders &quot;Bubble Pill&quot; as the badge&apos;s textContent" name="packages/Badge renders &quot;Bubble Pill&quot; as the badge&apos;s textContent" time="0.001">
    </testcase>
  </testsuite>
  <testsuite name="packages/pipeline/Counter" errors="0" failures="0" skipped="0" timestamp="2020-07-29T17:38:29" time="0.432" tests="1">
    <testcase classname="packages/pipeline/Counter renders &quot;test-counter-class&quot; in the stage&apos;s classList" name="packages/pipeline/Counter renders &quot;test-counter-class&quot; in the stage&apos;s classList" time="0.026">
    </testcase>
  </testsuite>
  <testsuite name="packages/pipeline/utils/isStageElement" errors="0" failures="0" skipped="0" timestamp="2020-07-29T17:38:30" time="0.326" tests="2">
    <testcase classname="packages/pipeline/utils/isStageElement returns &quot;true&quot; if the element is a &quot;Stage&quot; element" name="packages/pipeline/utils/isStageElement returns &quot;true&quot; if the element is a &quot;Stage&quot; element" time="0.004">
    </testcase>
    <testcase classname="packages/pipeline/utils/isStageElement returns &quot;false&quot; if the element is NOT a &quot;Stage&quot; element" name="packages/pipeline/utils/isStageElement returns &quot;false&quot; if the element is NOT a &quot;Stage&quot; element" time="0.001">
    </testcase>
  </testsuite>
  <testsuite name="packages/Syntax" errors="0" failures="0" skipped="0" timestamp="2020-07-29T17:38:30" time="0.589" tests="1">
    <testcase classname="packages/Syntax renders chrome/title.js within the simulated window chrome" name="packages/Syntax renders chrome/title.js within the simulated window chrome" time="0.004">
    </testcase>
  </testsuite>
  <testsuite name="packages/leafygreen-provider/LeafyGreenProvider" errors="0" failures="0" skipped="0" timestamp="2020-07-29T17:38:31" time="0.589" tests="1">
    <testcase classname="packages/leafygreen-provider/LeafyGreenProvider only renders children in the DOM" name="packages/leafygreen-provider/LeafyGreenProvider only renders children in the DOM" time="0.007">
    </testcase>
  </testsuite>
</testsuites>